[02:23:43] [main/INFO] ========================================
[02:23:43] [main/INFO] Minecraft: 1.20.1
[02:23:43] [main/INFO] Side: server
[02:23:43] [main/INFO] Development: false
[02:23:43] [main/INFO] Version: 12.1.785
[02:23:43] [main/INFO] Loader:
[02:23:43] [main/INFO] - Fabric: 0.16.14
[02:23:43] [main/INFO] - Fabric API: 0.92.3+1.20.1
[02:23:43] [main/INFO] Dependencies:
[02:23:43] [main/INFO] - Cloth Config: 11.1.136
[02:23:43] [main/INFO] - Architectury: 9.2.14
[02:23:43] [main/INFO] Mixin: 0.8.7
[02:23:43] [main/INFO] OS: Linux 6.8.0-1030-azure (amd64)
[02:23:43] [main/INFO] Java: 17.0.17 (Ubuntu)
[02:23:43] [main/INFO] ========================================
[02:23:43] [main/INFO] Mods:
[02:23:43] [main/INFO] - additionalstructures: 4.2.2
[02:23:43] [main/INFO] - another_furniture: 1.20.1-3.0.4
[02:23:43] [main/INFO] - architectury: 9.2.14
[02:23:43] [main/INFO] - armoroftheages: 1.3.12
[02:23:43] [main/INFO] - artifacts: 9.5.15
[02:23:43] [main/INFO] - athena: 3.1.2
[02:23:43] [main/INFO] - balm: 7.3.37
[02:23:43] [main/INFO] - barteringstation: 8.0.0
[02:23:43] [main/INFO] - betterdeserttemples: 1.20-Fabric-3.0.3
[02:23:43] [main/INFO] - betterendisland: 1.20-Fabric-2.0.6
[02:23:43] [main/INFO] - betteroceanmonuments: 1.20-Fabric-3.0.4
[02:23:43] [main/INFO] - bettertridents: 8.0.1
[02:23:43] [main/INFO] - blue_endless_jankson: 1.2.3
[02:23:43] [main/INFO] - c2me: 0.2.0+alpha.11.16
[02:23:43] [main/INFO] - c2me-base: 0.2.0+alpha.11.16
[02:23:43] [main/INFO] - c2me-fixes-chunkio-threading-issues: 0.2.0+alpha.11.16
[02:23:43] [main/INFO] - c2me-fixes-general-threading-issues: 0.2.0+alpha.11.16
[02:23:43] [main/INFO] - c2me-fixes-worldgen-threading-issues: 0.2.0+alpha.11.16
[02:23:43] [main/INFO] - c2me-fixes-worldgen-vanilla-bugs: 0.2.0+alpha.11.16
[02:23:43] [main/INFO] - c2me-notickvd: 0.2.0+alpha.11.16
[02:23:43] [main/INFO] - c2me-opts-allocs: 0.2.0+alpha.11.16
[02:23:43] [main/INFO] - c2me-opts-chunk-access: 0.2.0+alpha.11.16
[02:23:43] [main/INFO] - c2me-opts-chunkio: 0.2.0+alpha.11.16
[02:23:43] [main/INFO] - c2me-opts-math: 0.2.0+alpha.11.16
[02:23:43] [main/INFO] - c2me-opts-scheduling: 0.2.0+alpha.11.16
[02:23:43] [main/INFO] - c2me-opts-worldgen-general: 0.2.0+alpha.11.16
[02:23:43] [main/INFO] - c2me-opts-worldgen-vanilla: 0.2.0+alpha.11.16
[02:23:43] [main/INFO] - c2me-rewrites-chunk-serializer: 0.2.0+alpha.11.16
[02:23:43] [main/INFO] - c2me-rewrites-chunkio: 0.2.0+alpha.11.16
[02:23:43] [main/INFO] - c2me-server-utils: 0.2.0+alpha.11.16
[02:23:43] [main/INFO] - c2me-threading-chunkio: 0.2.0+alpha.11.16
[02:23:43] [main/INFO] - c2me-threading-lighting: 0.2.0+alpha.11.16
[02:23:43] [main/INFO] - c2me-threading-worldgen: 0.2.0+alpha.11.16
[02:23:43] [main/INFO] - cardinal-components: 5.2.3
[02:23:43] [main/INFO] - cardinal-components-base: 5.2.3
[02:23:43] [main/INFO] - cardinal-components-block: 5.2.3
[02:23:43] [main/INFO] - cardinal-components-chunk: 5.2.3
[02:23:43] [main/INFO] - cardinal-components-entity: 5.2.3
[02:23:43] [main/INFO] - cardinal-components-item: 5.2.3
[02:23:43] [main/INFO] - cardinal-components-level: 5.2.3
[02:23:43] [main/INFO] - cardinal-components-scoreboard: 5.2.3
[02:23:43] [main/INFO] - cardinal-components-world: 5.2.3
[02:23:43] [main/INFO] - carryon: 2.1.2.7
[02:23:43] [main/INFO] - charmofundying: 6.5.0+1.20.1
[02:23:43] [main/INFO] - chipped: 3.0.7
[02:23:43] [main/INFO] - cloth-basic-math: 0.6.1
[02:23:43] [main/INFO] - cloth-config: 11.1.136
[02:23:43] [main/INFO] - cloth-config: 11.1.136
[02:23:43] [main/INFO] - clumps: 12.0.0.4
[02:23:43] [main/INFO] - collective: 8.13
[02:23:43] [main/INFO] - com_electronwill_night-config_core: 3.6.6
[02:23:43] [main/INFO] - com_electronwill_night-config_toml: 3.6.6
[02:23:43] [main/INFO] - com_eliotlash_mclib_mclib: 20
[02:23:43] [main/INFO] - com_ibm_async_asyncutil: 0.1.0
[02:23:43] [main/INFO] - com_teamresourceful_bytecodecs: 1.0.2
[02:23:43] [main/INFO] - com_teamresourceful_yabn: 1.0.3
[02:23:43] [main/INFO] - com_twelvemonkeys_common_common-image: 3.12.0
[02:23:43] [main/INFO] - com_twelvemonkeys_common_common-io: 3.12.0
[02:23:43] [main/INFO] - com_twelvemonkeys_common_common-lang: 3.12.0
[02:23:43] [main/INFO] - com_twelvemonkeys_imageio_imageio-core: 3.12.0
[02:23:43] [main/INFO] - com_twelvemonkeys_imageio_imageio-metadata: 3.12.0
[02:23:43] [main/INFO] - com_twelvemonkeys_imageio_imageio-webp: 3.12.0
[02:23:43] [main/INFO] - com_velocitypowered_velocity-native: 3.2.0-SNAPSHOT
[02:23:43] [main/INFO] - comforts: 6.4.0+1.20.1
[02:23:43] [main/INFO] - conditional-mixin: 0.3.2
[02:23:43] [main/INFO] - configureddefaults: 8.0.4
[02:23:43] [main/INFO] - creeperoverhaul: 3.0.2
[02:23:43] [main/INFO] - cristellib: 1.1.5
[02:23:43] [main/INFO] - customportalapi: 0.0.1-beta64-1.20
[02:23:43] [main/INFO] - dawnoftimebuilder: 1.5.42
[02:23:43] [main/INFO] - deeperdarker: 1.3.3-plus-b.rc2
[02:23:43] [main/INFO] - dungeons_arise_seven_seas: 1.0.2
[02:23:43] [main/INFO] - dynamiclights: 1.9.1+mod
[02:23:43] [main/INFO] - easyanvils: 8.0.2
[02:23:43] [main/INFO] - easymagic: 8.0.1
[02:23:43] [main/INFO] - elytraslot: 6.4.4+1.20.1
[02:23:43] [main/INFO] - endermanoverhaul: 1.0.4
[02:23:43] [main/INFO] - error_notifier: 1.0.9
[02:23:43] [main/INFO] - expandability: 9.0.4
[02:23:43] [main/INFO] - explorify: 1.6.4
[02:23:43] [main/INFO] - extensibleenums: 7.0.1
[02:23:43] [main/INFO] - fabric-api: 0.92.3+1.20.1
[02:23:43] [main/INFO] - fabric-api: 0.92.3+1.20.1
[02:23:43] [main/INFO] - fabric-api-base: 0.4.31+1802ada577
[02:23:43] [main/INFO] - fabric-api-lookup-api-v1: 1.6.36+1802ada577
[02:23:43] [main/INFO] - fabric-biome-api-v1: 13.0.13+1802ada577
[02:23:43] [main/INFO] - fabric-block-api-v1: 1.0.11+1802ada577
[02:23:43] [main/INFO] - fabric-block-view-api-v2: 1.0.1+1802ada577
[02:23:43] [main/INFO] - fabric-command-api-v1: 1.2.34+f71b366f77
[02:23:43] [main/INFO] - fabric-command-api-v2: 2.2.13+1802ada577
[02:23:43] [main/INFO] - fabric-commands-v0: 0.2.51+df3654b377
[02:23:43] [main/INFO] - fabric-containers-v0: 0.1.65+df3654b377
[02:23:43] [main/INFO] - fabric-content-registries-v0: 4.0.12+1802ada577
[02:23:43] [main/INFO] - fabric-convention-tags-v1: 1.5.5+1802ada577
[02:23:43] [main/INFO] - fabric-crash-report-info-v1: 0.2.19+1802ada577
[02:23:43] [main/INFO] - fabric-data-attachment-api-v1: 1.0.1+de0fd6d177
[02:23:43] [main/INFO] - fabric-data-generation-api-v1: 12.3.5+1802ada577
[02:23:43] [main/INFO] - fabric-dimensions-v1: 2.1.54+1802ada577
[02:23:43] [main/INFO] - fabric-entity-events-v1: 1.6.0+1c78457f77
[02:23:43] [main/INFO] - fabric-events-interaction-v0: 0.6.3+13a40c6677
[02:23:43] [main/INFO] - fabric-events-lifecycle-v0: 0.2.63+df3654b377
[02:23:43] [main/INFO] - fabric-game-rule-api-v1: 1.0.40+1802ada577
[02:23:43] [main/INFO] - fabric-item-api-v1: 2.1.28+1802ada577
[02:23:43] [main/INFO] - fabric-item-group-api-v1: 4.0.13+1802ada577
[02:23:43] [main/INFO] - fabric-language-kotlin: 1.12.2+kotlin.2.0.20
[02:23:43] [main/INFO] - fabric-lifecycle-events-v1: 2.2.22+1802ada577
[02:23:43] [main/INFO] - fabric-loot-api-v2: 1.2.2+1802ada577
[02:23:43] [main/INFO] - fabric-loot-tables-v1: 1.1.46+9e7660c677
[02:23:43] [main/INFO] - fabric-message-api-v1: 5.1.9+1802ada577
[02:23:43] [main/INFO] - fabric-mining-level-api-v1: 2.1.51+1802ada577
[02:23:43] [main/INFO] - fabric-networking-api-v1: 1.3.12+13a40c6677
[02:23:43] [main/INFO] - fabric-networking-v0: 0.3.52+df3654b377
[02:23:43] [main/INFO] - fabric-object-builder-api-v1: 11.1.4+1802ada577
[02:23:43] [main/INFO] - fabric-particles-v1: 1.1.2+1802ada577
[02:23:43] [main/INFO] - fabric-recipe-api-v1: 1.0.22+1802ada577
[02:23:43] [main/INFO] - fabric-registry-sync-v0: 2.3.4+1802ada577
[02:23:43] [main/INFO] - fabric-rendering-data-attachment-v1: 0.3.37+92a0d36777
[02:23:43] [main/INFO] - fabric-rendering-fluids-v1: 3.0.28+1802ada577
[02:23:43] [main/INFO] - fabric-resource-conditions-api-v1: 2.3.8+1802ada577
[02:23:43] [main/INFO] - fabric-resource-loader-v0: 0.11.11+fb82e9d777
[02:23:43] [main/INFO] - fabric-screen-handler-api-v1: 1.3.31+1802ada577
[02:23:43] [main/INFO] - fabric-transfer-api-v1: 3.3.5+8dd72ea377
[02:23:43] [main/INFO] - fabric-transitive-access-wideners-v1: 4.3.1+1802ada577
[02:23:43] [main/INFO] - fabricloader: 0.16.14
[02:23:43] [main/INFO] - fantasy_armor: 1.1.1-1.20.1
[02:23:43] [main/INFO] - fantasy_weapons: 0.3.1-1.20.1
[02:23:43] [main/INFO] - fastload: 3.4.0
[02:23:43] [main/INFO] - fastload-119-0-1-2-compat: 3.4.0
[02:23:43] [main/INFO] - fastload-1193-compat: 3.4.0
[02:23:43] [main/INFO] - fastload-1194-compat: 3.4.0
[02:23:43] [main/INFO] - fastload_fapi_forward: 1.0.2
[02:23:43] [main/INFO] - ferritecore: 6.0.1
[02:23:43] [main/INFO] - forgeconfigapiport: 8.0.3
[02:23:43] [main/INFO] - formations: 1.0.4
[02:23:43] [main/INFO] - formationsoverworld: 1.0.5
[02:23:43] [main/INFO] - framework: 0.7.15
[02:23:43] [main/INFO] - geckolib: 4.8.2
[02:23:43] [main/INFO] - goblintraders: 1.11.5
[02:23:43] [main/INFO] - graveyard: 3.0
[02:23:43] [main/INFO] - hangglider: 8.0.1
[02:23:43] [main/INFO] - hopobettermineshaft: 1.2.2
[02:23:43] [main/INFO] - hopobetterruinedportal: 1.3.7
[02:23:43] [main/INFO] - illagerinvasion: 8.0.7
[02:23:43] [main/INFO] - immersive_melodies: 0.6.0+1.20.1
[02:23:43] [main/INFO] - imst: 2.1.0
[02:23:43] [main/INFO] - inventorymanagement: 1.3.1
[02:23:43] [main/INFO] - jade: 11.13.1+fabric
[02:23:43] [main/INFO] - java: 17
[02:23:43] [main/INFO] - krypton: 0.2.3
[02:23:43] [main/INFO] - kuma_api: 20.1.12
[02:23:43] [main/INFO] - lithium: 0.11.3
[02:23:43] [main/INFO] - mcdw: 9.0.4
[02:23:43] [main/INFO] - mcwdoors: 1.1.2
[02:23:43] [main/INFO] - mcwfurnitures: 3.4.1
[02:23:43] [main/INFO] - mcwlights: 1.1.5
[02:23:43] [main/INFO] - mcwroofs: 2.3.2
[02:23:43] [main/INFO] - mcwstairs: 1.0.2
[02:23:43] [main/INFO] - mcwtrpdoors: 1.1.5
[02:23:43] [main/INFO] - mcwwindows: 2.4.2
[02:23:43] [main/INFO] - memoryleakfix: 1.1.5
[02:23:43] [main/INFO] - midnightlib: 1.4.1
[02:23:43] [main/INFO] - minecraft: 1.20.1
[02:23:43] [main/INFO] - mixinextras: 0.4.1
[02:23:43] [main/INFO] - mixinsquared: 0.1.2-beta.6
[02:23:43] [main/INFO] - mobcaptains: 3.1.1
[02:23:43] [main/INFO] - modernfix: 5.20.0+mc1.20.1
[02:23:43] [main/INFO] - moogs_structures: 1.1.0-1.20-1.20.4
[02:23:43] [main/INFO] - morebows: 1.0.11+1.20.x
[02:23:43] [main/INFO] - moretotems: 2.16.0
[02:23:43] [main/INFO] - mr_camps_castles_carriages: 2.3.4
[02:23:43] [main/INFO] - mr_dungeons_andtaverns: 3.0.3.f
[02:23:43] [main/INFO] - mr_dungeons_andtavernsstrongholdrework: 1
[02:23:43] [main/INFO] - mr_qraftyfied: 6
[02:23:43] [main/INFO] - mr_qraftys_endvillages: 1
[02:23:43] [main/INFO] - mr_tidal_towns: 1.3.4
[02:23:43] [main/INFO] - mss: 2.0.0
[02:23:43] [main/INFO] - net_objecthunter_exp4j: 0.4.8
[02:23:43] [main/INFO] - org_javassist_javassist: 3.29.2-GA
[02:23:43] [main/INFO] - org_jetbrains_kotlin_kotlin-reflect: 2.0.20
[02:23:43] [main/INFO] - org_jetbrains_kotlin_kotlin-stdlib: 2.0.20
[02:23:43] [main/INFO] - org_jetbrains_kotlin_kotlin-stdlib-jdk7: 2.0.20
[02:23:43] [main/INFO] - org_jetbrains_kotlin_kotlin-stdlib-jdk8: 2.0.20
[02:23:43] [main/INFO] - org_jetbrains_kotlinx_atomicfu-jvm: 0.25.0
[02:23:43] [main/INFO] - org_jetbrains_kotlinx_kotlinx-coroutines-core-jvm: 1.9.0
[02:23:43] [main/INFO] - org_jetbrains_kotlinx_kotlinx-coroutines-jdk8: 1.9.0
[02:23:43] [main/INFO] - org_jetbrains_kotlinx_kotlinx-datetime-jvm: 0.6.1
[02:23:43] [main/INFO] - org_jetbrains_kotlinx_kotlinx-io-bytestring-jvm: 0.5.4
[02:23:43] [main/INFO] - org_jetbrains_kotlinx_kotlinx-io-core-jvm: 0.5.4
[02:23:43] [main/INFO] - org_jetbrains_kotlinx_kotlinx-serialization-cbor-jvm: 1.7.2
[02:23:43] [main/INFO] - org_jetbrains_kotlinx_kotlinx-serialization-core-jvm: 1.7.2
[02:23:43] [main/INFO] - org_jetbrains_kotlinx_kotlinx-serialization-json-jvm: 1.7.2
[02:23:43] [main/INFO] - org_mineskin_java-client: 3.0.6-SNAPSHOT
[02:23:43] [main/INFO] - org_quiltmc_parsers_gson: 0.2.1
[02:23:43] [main/INFO] - org_quiltmc_parsers_json: 0.2.1
[02:23:43] [main/INFO] - org_reflections_reflections: 0.10.2
[02:23:43] [main/INFO] - org_threadly_threadly: 7.0
[02:23:43] [main/INFO] - owo: 0.11.2+1.20
[02:23:43] [main/INFO] - philipsruins: 5.7
[02:23:43] [main/INFO] - plushie_buddies: 0.1.7-1.20.1
[02:23:43] [main/INFO] - plushies: 1.4.0
[02:23:43] [main/INFO] - puzzlesaccessapi: 20.1.1
[02:23:43] [main/INFO] - puzzleslib: 8.1.33
[02:23:43] [main/INFO] - quartzelv: 2.2.7+1.20.4
[02:23:43] [main/INFO] - reach-entity-attributes: 2.4.0
[02:23:43] [main/INFO] - repurposed_structures: 7.1.19+1.20.1-fabric
[02:23:43] [main/INFO] - resourcefulconfig: 2.1.3
[02:23:43] [main/INFO] - resourcefullib: 2.1.29
[02:23:43] [main/INFO] - roughlyenoughitems: 12.1.785
[02:23:43] [main/INFO] - simplyswords: 1.56.0-1.20.1
[02:23:43] [main/INFO] - skinrestorer: 2.4.3+1.20-fabric
[02:23:43] [main/INFO] - spawnermod: 1.2.4
[02:23:43] [main/INFO] - spectrelib: 0.13.15+1.20.1
[02:23:43] [main/INFO] - step-height-entity-attribute: 1.2.0
[02:23:43] [main/INFO] - stoneworks: 8.0.0
[02:23:43] [main/INFO] - structory: 1.3.5
[02:23:43] [main/INFO] - structory_towers: 1.0.7
[02:23:43] [main/INFO] - t_and_t: 1.12
[02:23:43] [main/INFO] - thaumon: 2.3.0+1.20.1
[02:23:43] [main/INFO] - totw_modded: fabric-1.20.1-1.0.6
[02:23:43] [main/INFO] - travelersbackpack: 9.1.43
[02:23:43] [main/INFO] - treeharvester: 9.1
[02:23:43] [main/INFO] - trinkets: 3.7.2
[02:23:43] [main/INFO] - u_desert: 1.6.3
[02:23:43] [main/INFO] - villagersplus: 3.1
[02:23:43] [main/INFO] - visualworkbench: 8.0.1
[02:23:43] [main/INFO] - waystones: 14.1.17
[02:23:43] [main/INFO] - xaerominimap: 25.2.10
[02:23:43] [main/INFO] - xaeroworldmap: 1.39.12
[02:23:43] [main/INFO] - yet_another_config_lib_v3: 3.6.6+1.20.1-fabric
[02:23:43] [main/INFO] - yungsapi: 1.20-Fabric-4.0.6
[02:23:43] [main/INFO] - yungsextras: 1.20-Fabric-4.0.3
[02:23:43] [main/INFO] ========================================
[02:23:43] [main/INFO] [REI] Registered plugin provider DefaultPlugin [roughlyenoughitems] for REIPlugin
[02:23:43] [main/INFO] [REI] Registered plugin provider DefaultRuntimePlugin [roughlyenoughitems] for REIPlugin
[02:23:43] [main/INFO] [REI] Registered plugin provider DefaultPlugin [roughlyenoughitems] for REIServerPlugin
[02:23:43] [main/INFO] [REI] Registered plugin provider DefaultRuntimePlugin [roughlyenoughitems] for REIServerPlugin
[02:23:43] [main/INFO] [REI] Registered plugin provider FabricFluidAPISupportPlugin for REIServerPlugin
[02:23:43] [main/INFO] [REI] Registered plugin provider FabricFluidAPISupportPlugin for REIPlugin
[02:23:49] [Worker-Main-1/DEBUG] [REI] Processed 0 tags in 69.40 μs for minecraft:damage_type
[02:23:49] [Worker-Main-3/DEBUG] [REI] Processed 0 tags in 8.716 μs for minecraft:worldgen/flat_level_generator_preset
[02:23:49] [Worker-Main-1/DEBUG] [REI] Processed 2 tags in 1.045 ms for minecraft:painting_variant
[02:23:49] [Worker-Main-1/DEBUG] [REI] Processed 1 tags in 24.58 μs for minecraft:mob_effect
[02:23:49] [Worker-Main-1/DEBUG] [REI] Processed 0 tags in 6.913 μs for minecraft:worldgen/world_preset
[02:23:49] [Worker-Main-3/DEBUG] [REI] Processed 7 tags in 118.2 μs for minecraft:game_event
[02:23:49] [Worker-Main-3/DEBUG] [REI] Processed 2 tags in 26.69 μs for minecraft:cat_variant
[02:23:49] [Worker-Main-3/DEBUG] [REI] Processed 4 tags in 254.4 μs for minecraft:fluid
[02:23:49] [Worker-Main-3/DEBUG] [REI] Processed 4 tags in 30.01 μs for minecraft:instrument
[02:23:49] [Worker-Main-3/DEBUG] [REI] Processed 7 tags in 60.00 μs for minecraft:banner_pattern
[02:23:49] [Worker-Main-3/DEBUG] [REI] Processed 3 tags in 48.39 μs for minecraft:point_of_interest_type
[02:23:49] [Worker-Main-3/DEBUG] [REI] Processed 0 tags in 14.10 μs for minecraft:worldgen/structure_set
[02:23:49] [Worker-Main-3/DEBUG] [REI] Processed 6 tags in 53.01 μs for minecraft:enchantment
[02:23:49] [Worker-Main-3/DEBUG] [REI] Processed 38 tags in 272.9 μs for minecraft:entity_type
[02:23:49] [Worker-Main-2/DEBUG] [REI] Processed 0 tags in 1.289 ms for minecraft:worldgen/biome
[02:23:49] [Worker-Main-2/DEBUG] [REI] Processed 0 tags in 43.39 μs for minecraft:worldgen/structure
[02:23:49] [Worker-Main-1/DEBUG] [REI] Processed 671 tags in 29.30 ms for minecraft:block
[02:23:49] [Worker-Main-3/DEBUG] [REI] Processed 630 tags in 8.059 ms for minecraft:item
[02:23:55] [main/DEBUG] [REI] Starting Reload Plugins of stage null
java.lang.Throwable
	at knot//me.shedaniel.rei.impl.common.plugins.ReloadManagerImpl.reloadPlugins(ReloadManagerImpl.java:110)
	at knot//me.shedaniel.rei.RoughlyEnoughItemsCore.lambda$onInitialize$5(RoughlyEnoughItemsCore.java:163)
	at java.base/java.util.concurrent.CompletableFuture$UniRun.tryFire(CompletableFuture.java:787)
	at java.base/java.util.concurrent.CompletableFuture$Completion.run(CompletableFuture.java:482)
	at knot//net.minecraft.class_4014.method_18365(class_4014.java:69)
	at knot//net.minecraft.class_156.method_43498(class_156.java:950)
	at knot//net.minecraft.class_156.method_43499(class_156.java:938)
	at knot//net.minecraft.server.Main.main(Main.java:160)
	at net.fabricmc.loader.impl.game.minecraft.MinecraftGameProvider.launch(MinecraftGameProvider.java:480)
	at net.fabricmc.loader.impl.launch.knot.Knot.launch(Knot.java:74)
	at net.fabricmc.loader.impl.launch.knot.KnotServer.main(KnotServer.java:23)
	at net.fabricmc.loader.impl.launch.server.FabricServerLauncher.main(FabricServerLauncher.java:69)
	at net.fabricmc.installer.ServerLauncher.main(ServerLauncher.java:69)
[02:23:55] [main/DEBUG] [REI] ========================================
[02:23:55] [main/DEBUG] [REI] REIPlugin starting pre-reload for START.
[02:23:55] [main/DEBUG] [REI] Reloadables (7):
[02:23:55] [main/DEBUG] [REI]  - EntryTypeRegistryImpl
[02:23:55] [main/DEBUG] [REI]  - EntrySettingsAdapterRegistryImpl
[02:23:55] [main/DEBUG] [REI]  - RecipeManagerContextImpl
[02:23:55] [main/DEBUG] [REI]  - ItemComparatorRegistryImpl
[02:23:55] [main/DEBUG] [REI]  - FluidComparatorRegistryImpl
[02:23:55] [main/DEBUG] [REI]  - DisplaySerializerRegistryImpl
[02:23:55] [main/DEBUG] [REI]  - FluidSupportProviderImpl
[02:23:55] [main/DEBUG] [REI] Plugins (3):
[02:23:55] [main/DEBUG] [REI]  - (-100.00) DefaultPlugin of DefaultPlugin [roughlyenoughitems]
[02:23:55] [main/DEBUG] [REI]  - (0.00) FabricFluidAPISupportPlugin
[02:23:55] [main/DEBUG] [REI]  - (0.00) DefaultRuntimePlugin of DefaultRuntimePlugin [roughlyenoughitems]
[02:23:55] [main/DEBUG] [REI] ========================================
[02:23:55] [main/TRACE] [REI] [REIPlugin START] Reloading Section: "pre-register/"
[02:23:55] [main/TRACE] [REI] [REIPlugin START] Reloading Section: "pre-register/DefaultPlugin of DefaultPlugin [roughlyenoughitems]/"
[02:23:55] [main/TRACE] [REI] [REIPlugin START] Reloading Section: "pre-register/DefaultPlugin of DefaultPlugin [roughlyenoughitems]/" done in 902.8 μs
[02:23:55] [main/TRACE] [REI] [REIPlugin START] Reloading Section: "pre-register/FabricFluidAPISupportPlugin/"
[02:23:55] [main/TRACE] [REI] [REIPlugin START] Reloading Section: "pre-register/FabricFluidAPISupportPlugin/" done in 45.46 μs
[02:23:55] [main/TRACE] [REI] [REIPlugin START] Reloading Section: "pre-register/DefaultRuntimePlugin of DefaultRuntimePlugin [roughlyenoughitems]/"
[02:23:55] [main/TRACE] [REI] [REIPlugin START] Reloading Section: "pre-register/DefaultRuntimePlugin of DefaultRuntimePlugin [roughlyenoughitems]/" done in 43.53 μs
[02:23:55] [main/TRACE] [REI] [REIPlugin START] Reloading Section: "pre-register/" done in 9.575 ms
[02:23:55] [main/TRACE] [REI] [REIPlugin START] Reloading Section: "pre-stage/"
[02:23:55] [main/TRACE] [REI] [REIPlugin START] Reloading Section: "pre-stage/EntryTypeRegistryImpl/"
[02:23:55] [main/TRACE] [REI] [REIPlugin START] Reloading Section: "pre-stage/EntryTypeRegistryImpl/" done in 232.5 μs
[02:23:55] [main/TRACE] [REI] [REIPlugin START] Reloading Section: "pre-stage/EntrySettingsAdapterRegistryImpl/"
[02:23:55] [main/TRACE] [REI] [REIPlugin START] Reloading Section: "pre-stage/EntrySettingsAdapterRegistryImpl/" done in 49.55 μs
[02:23:55] [main/TRACE] [REI] [REIPlugin START] Reloading Section: "pre-stage/RecipeManagerContextImpl/"
[02:23:55] [main/TRACE] [REI] [REIPlugin START] Reloading Section: "pre-stage/RecipeManagerContextImpl/" done in 47.65 μs
[02:23:55] [main/TRACE] [REI] [REIPlugin START] Reloading Section: "pre-stage/ItemComparatorRegistryImpl/"
[02:23:55] [main/TRACE] [REI] [REIPlugin START] Reloading Section: "pre-stage/ItemComparatorRegistryImpl/" done in 48.28 μs
[02:23:55] [main/TRACE] [REI] [REIPlugin START] Reloading Section: "pre-stage/FluidComparatorRegistryImpl/"
[02:23:55] [main/TRACE] [REI] [REIPlugin START] Reloading Section: "pre-stage/FluidComparatorRegistryImpl/" done in 61.61 μs
[02:23:55] [main/TRACE] [REI] [REIPlugin START] Reloading Section: "pre-stage/DisplaySerializerRegistryImpl/"
[02:23:55] [main/TRACE] [REI] [REIPlugin START] Reloading Section: "pre-stage/DisplaySerializerRegistryImpl/" done in 46.37 μs
[02:23:55] [main/TRACE] [REI] [REIPlugin START] Reloading Section: "pre-stage/FluidSupportProviderImpl/"
[02:23:55] [main/TRACE] [REI] [REIPlugin START] Reloading Section: "pre-stage/FluidSupportProviderImpl/" done in 47.79 μs
[02:23:55] [main/TRACE] [REI] [REIPlugin START] Reloading Section: "pre-stage/" done in 1.272 ms
[02:23:55] [main/DEBUG] [REI] ========================================
[02:23:55] [main/DEBUG] [REI] REIPlugin finished pre-reload for START in 11.29 ms.
[02:23:55] [main/DEBUG] [REI] ========================================
[02:23:55] [main/DEBUG] [REI] ========================================
[02:23:55] [main/DEBUG] [REI] REIServerPlugin starting pre-reload for START.
[02:23:55] [main/DEBUG] [REI] Reloadables (2):
[02:23:55] [main/DEBUG] [REI]  - MenuInfoRegistryImpl
[02:23:55] [main/DEBUG] [REI]  - SlotAccessorRegistryImpl
[02:23:55] [main/DEBUG] [REI] Plugins (3):
[02:23:55] [main/DEBUG] [REI]  - (-100.00) DefaultPlugin of DefaultPlugin [roughlyenoughitems]
[02:23:55] [main/DEBUG] [REI]  - (0.00) FabricFluidAPISupportPlugin
[02:23:55] [main/DEBUG] [REI]  - (0.00) DefaultRuntimePlugin of DefaultRuntimePlugin [roughlyenoughitems]
[02:23:55] [main/DEBUG] [REI] ========================================
[02:23:55] [main/TRACE] [REI] [REIServerPlugin START] Reloading Section: "pre-register/"
[02:23:55] [main/TRACE] [REI] [REIServerPlugin START] Reloading Section: "pre-register/DefaultPlugin of DefaultPlugin [roughlyenoughitems]/"
[02:23:55] [main/TRACE] [REI] [REIServerPlugin START] Reloading Section: "pre-register/DefaultPlugin of DefaultPlugin [roughlyenoughitems]/" done in 40.21 μs
[02:23:55] [main/TRACE] [REI] [REIServerPlugin START] Reloading Section: "pre-register/FabricFluidAPISupportPlugin/"
[02:23:55] [main/TRACE] [REI] [REIServerPlugin START] Reloading Section: "pre-register/FabricFluidAPISupportPlugin/" done in 51.32 μs
[02:23:55] [main/TRACE] [REI] [REIServerPlugin START] Reloading Section: "pre-register/DefaultRuntimePlugin of DefaultRuntimePlugin [roughlyenoughitems]/"
[02:23:55] [main/TRACE] [REI] [REIServerPlugin START] Reloading Section: "pre-register/DefaultRuntimePlugin of DefaultRuntimePlugin [roughlyenoughitems]/" done in 40.52 μs
[02:23:55] [main/TRACE] [REI] [REIServerPlugin START] Reloading Section: "pre-register/" done in 427.6 μs
[02:23:55] [main/TRACE] [REI] [REIServerPlugin START] Reloading Section: "pre-stage/"
[02:23:55] [main/TRACE] [REI] [REIServerPlugin START] Reloading Section: "pre-stage/MenuInfoRegistryImpl/"
[02:23:55] [main/TRACE] [REI] [REIServerPlugin START] Reloading Section: "pre-stage/MenuInfoRegistryImpl/" done in 37.77 μs
[02:23:55] [main/TRACE] [REI] [REIServerPlugin START] Reloading Section: "pre-stage/SlotAccessorRegistryImpl/"
[02:23:55] [main/TRACE] [REI] [REIServerPlugin START] Reloading Section: "pre-stage/SlotAccessorRegistryImpl/" done in 39.33 μs
[02:23:55] [main/TRACE] [REI] [REIServerPlugin START] Reloading Section: "pre-stage/" done in 255.4 μs
[02:23:55] [main/DEBUG] [REI] ========================================
[02:23:55] [main/DEBUG] [REI] REIServerPlugin finished pre-reload for START in 826.6 μs.
[02:23:55] [main/DEBUG] [REI] ========================================
[02:23:55] [main/INFO] [REI] ========================================
[02:23:55] [main/INFO] [REI] REIPlugin starting main-reload for START.
[02:23:55] [main/DEBUG] [REI] Reloadables (7):
[02:23:55] [main/DEBUG] [REI]  - EntryTypeRegistryImpl
[02:23:55] [main/DEBUG] [REI]  - EntrySettingsAdapterRegistryImpl
[02:23:55] [main/DEBUG] [REI]  - RecipeManagerContextImpl
[02:23:55] [main/DEBUG] [REI]  - ItemComparatorRegistryImpl
[02:23:55] [main/DEBUG] [REI]  - FluidComparatorRegistryImpl
[02:23:55] [main/DEBUG] [REI]  - DisplaySerializerRegistryImpl
[02:23:55] [main/DEBUG] [REI]  - FluidSupportProviderImpl
[02:23:55] [main/INFO] [REI] Plugins (3):
[02:23:55] [main/INFO] [REI]  - (-100.00) DefaultPlugin of DefaultPlugin [roughlyenoughitems]
[02:23:55] [main/INFO] [REI]  - (0.00) FabricFluidAPISupportPlugin
[02:23:55] [main/INFO] [REI]  - (0.00) DefaultRuntimePlugin of DefaultRuntimePlugin [roughlyenoughitems]
[02:23:55] [main/INFO] [REI] ========================================
[02:23:55] [main/TRACE] [REI] [REIPlugin START] Reloading Section: "start-reload/"
[02:23:55] [main/TRACE] [REI] [REIPlugin START] Reloading Section: "start-reload/EntryTypeRegistryImpl/"
[02:23:55] [main/TRACE] [REI] [REIPlugin START] Reloading Section: "start-reload/EntryTypeRegistryImpl/" done in 84.13 μs
[02:23:55] [main/TRACE] [REI] [REIPlugin START] Reloading Section: "start-reload/EntrySettingsAdapterRegistryImpl/"
[02:23:55] [main/TRACE] [REI] [REIPlugin START] Reloading Section: "start-reload/EntrySettingsAdapterRegistryImpl/" done in 58.09 μs
[02:23:55] [main/TRACE] [REI] [REIPlugin START] Reloading Section: "start-reload/RecipeManagerContextImpl/"
[02:23:55] [main/TRACE] [REI] [REIPlugin START] Reloading Section: "start-reload/RecipeManagerContextImpl/" done in 48.37 μs
[02:23:55] [main/TRACE] [REI] [REIPlugin START] Reloading Section: "start-reload/ItemComparatorRegistryImpl/"
[02:23:55] [main/TRACE] [REI] [REIPlugin START] Reloading Section: "start-reload/ItemComparatorRegistryImpl/" done in 72.11 μs
[02:23:55] [main/TRACE] [REI] [REIPlugin START] Reloading Section: "start-reload/FluidComparatorRegistryImpl/"
[02:23:55] [main/TRACE] [REI] [REIPlugin START] Reloading Section: "start-reload/FluidComparatorRegistryImpl/" done in 48.14 μs
[02:23:55] [main/TRACE] [REI] [REIPlugin START] Reloading Section: "start-reload/DisplaySerializerRegistryImpl/"
[02:23:55] [main/TRACE] [REI] [REIPlugin START] Reloading Section: "start-reload/DisplaySerializerRegistryImpl/" done in 55.56 μs
[02:23:55] [main/TRACE] [REI] [REIPlugin START] Reloading Section: "start-reload/FluidSupportProviderImpl/"
[02:23:55] [main/TRACE] [REI] [REIPlugin START] Reloading Section: "start-reload/FluidSupportProviderImpl/" done in 56.70 μs
[02:23:55] [main/TRACE] [REI] [REIPlugin START] Reloading Section: "start-reload/" done in 1.138 ms
[02:23:55] [main/DEBUG] [REI] ========================================
[02:23:55] [main/DEBUG] [REI] REIPlugin started main-reload for START.
[02:23:55] [main/DEBUG] [REI] ========================================
[02:23:55] [main/TRACE] [REI] [REIPlugin START] Reloading Section: "reloadable-plugin/EntryTypeRegistryImpl/"
[02:23:55] [main/TRACE] [REI] [REIPlugin START] Reloading Section: "reloadable-plugin/EntryTypeRegistryImpl/DefaultPlugin of DefaultPlugin [roughlyenoughitems]/"
[02:23:55] [main/TRACE] [REI] [REIPlugin START] Reloading Section: "reloadable-plugin/EntryTypeRegistryImpl/DefaultPlugin of DefaultPlugin [roughlyenoughitems]/" done in 231.6 μs
[02:23:55] [main/TRACE] [REI] [REIPlugin START] Reloading Section: "reloadable-plugin/EntryTypeRegistryImpl/FabricFluidAPISupportPlugin/"
[02:23:55] [main/TRACE] [REI] [REIPlugin START] Reloading Section: "reloadable-plugin/EntryTypeRegistryImpl/FabricFluidAPISupportPlugin/" done in 73.47 μs
[02:23:55] [main/TRACE] [REI] [REIPlugin START] Reloading Section: "reloadable-plugin/EntryTypeRegistryImpl/DefaultRuntimePlugin of DefaultRuntimePlugin [roughlyenoughitems]/"
[02:23:55] [main/TRACE] [REI] [REIPlugin START] Reloading Section: "reloadable-plugin/EntryTypeRegistryImpl/DefaultRuntimePlugin of DefaultRuntimePlugin [roughlyenoughitems]/" done in 8.440 ms
[02:23:55] [main/TRACE] [REI] [REIPlugin START] Reloading Section: "reloadable-plugin/EntryTypeRegistryImpl/" done in 9.703 ms
[02:23:55] [main/TRACE] [REI] [REIPlugin START] Reloading Section: "reloadable-plugin/EntrySettingsAdapterRegistryImpl/"
[02:23:55] [main/TRACE] [REI] [REIPlugin START] Reloading Section: "reloadable-plugin/EntrySettingsAdapterRegistryImpl/DefaultPlugin of DefaultPlugin [roughlyenoughitems]/"
[02:23:55] [main/TRACE] [REI] [REIPlugin START] Reloading Section: "reloadable-plugin/EntrySettingsAdapterRegistryImpl/DefaultPlugin of DefaultPlugin [roughlyenoughitems]/" done in 46.05 μs
[02:23:55] [main/TRACE] [REI] [REIPlugin START] Reloading Section: "reloadable-plugin/EntrySettingsAdapterRegistryImpl/FabricFluidAPISupportPlugin/"
[02:23:55] [main/TRACE] [REI] [REIPlugin START] Reloading Section: "reloadable-plugin/EntrySettingsAdapterRegistryImpl/FabricFluidAPISupportPlugin/" done in 42.65 μs
[02:23:55] [main/TRACE] [REI] [REIPlugin START] Reloading Section: "reloadable-plugin/EntrySettingsAdapterRegistryImpl/DefaultRuntimePlugin of DefaultRuntimePlugin [roughlyenoughitems]/"
[02:23:55] [main/TRACE] [REI] [REIPlugin START] Reloading Section: "reloadable-plugin/EntrySettingsAdapterRegistryImpl/DefaultRuntimePlugin of DefaultRuntimePlugin [roughlyenoughitems]/" done in 40.54 μs
[02:23:55] [main/TRACE] [REI] [REIPlugin START] Reloading Section: "reloadable-plugin/EntrySettingsAdapterRegistryImpl/" done in 430.3 μs
[02:23:55] [main/TRACE] [REI] [REIPlugin START] Reloading Section: "reloadable-plugin/RecipeManagerContextImpl/"
[02:23:55] [main/TRACE] [REI] [REIPlugin START] Reloading Section: "reloadable-plugin/RecipeManagerContextImpl/DefaultPlugin of DefaultPlugin [roughlyenoughitems]/"
[02:23:55] [main/TRACE] [REI] [REIPlugin START] Reloading Section: "reloadable-plugin/RecipeManagerContextImpl/DefaultPlugin of DefaultPlugin [roughlyenoughitems]/" done in 39.63 μs
[02:23:55] [main/TRACE] [REI] [REIPlugin START] Reloading Section: "reloadable-plugin/RecipeManagerContextImpl/FabricFluidAPISupportPlugin/"
[02:23:55] [main/TRACE] [REI] [REIPlugin START] Reloading Section: "reloadable-plugin/RecipeManagerContextImpl/FabricFluidAPISupportPlugin/" done in 51.94 μs
[02:23:55] [main/TRACE] [REI] [REIPlugin START] Reloading Section: "reloadable-plugin/RecipeManagerContextImpl/DefaultRuntimePlugin of DefaultRuntimePlugin [roughlyenoughitems]/"
[02:23:55] [main/TRACE] [REI] [REIPlugin START] Reloading Section: "reloadable-plugin/RecipeManagerContextImpl/DefaultRuntimePlugin of DefaultRuntimePlugin [roughlyenoughitems]/" done in 40.12 μs
[02:23:55] [main/TRACE] [REI] [REIPlugin START] Reloading Section: "reloadable-plugin/RecipeManagerContextImpl/" done in 458.2 μs
[02:23:55] [main/TRACE] [REI] [REIPlugin START] Reloading Section: "reloadable-plugin/ItemComparatorRegistryImpl/"
[02:23:55] [main/TRACE] [REI] [REIPlugin START] Reloading Section: "reloadable-plugin/ItemComparatorRegistryImpl/DefaultPlugin of DefaultPlugin [roughlyenoughitems]/"
[02:23:55] [main/TRACE] [REI] [REIPlugin START] Reloading Section: "reloadable-plugin/ItemComparatorRegistryImpl/DefaultPlugin of DefaultPlugin [roughlyenoughitems]/" done in 899.9 μs
[02:23:55] [main/TRACE] [REI] [REIPlugin START] Reloading Section: "reloadable-plugin/ItemComparatorRegistryImpl/FabricFluidAPISupportPlugin/"
[02:23:55] [main/TRACE] [REI] [REIPlugin START] Reloading Section: "reloadable-plugin/ItemComparatorRegistryImpl/FabricFluidAPISupportPlugin/" done in 44.11 μs
[02:23:55] [main/TRACE] [REI] [REIPlugin START] Reloading Section: "reloadable-plugin/ItemComparatorRegistryImpl/DefaultRuntimePlugin of DefaultRuntimePlugin [roughlyenoughitems]/"
[02:23:55] [main/TRACE] [REI] [REIPlugin START] Reloading Section: "reloadable-plugin/ItemComparatorRegistryImpl/DefaultRuntimePlugin of DefaultRuntimePlugin [roughlyenoughitems]/" done in 43.95 μs
[02:23:55] [main/TRACE] [REI] [REIPlugin START] Reloading Section: "reloadable-plugin/ItemComparatorRegistryImpl/" done in 1.280 ms
[02:23:55] [main/TRACE] [REI] [REIPlugin START] Reloading Section: "reloadable-plugin/FluidComparatorRegistryImpl/"
[02:23:55] [main/TRACE] [REI] [REIPlugin START] Reloading Section: "reloadable-plugin/FluidComparatorRegistryImpl/DefaultPlugin of DefaultPlugin [roughlyenoughitems]/"
[02:23:55] [main/TRACE] [REI] [REIPlugin START] Reloading Section: "reloadable-plugin/FluidComparatorRegistryImpl/DefaultPlugin of DefaultPlugin [roughlyenoughitems]/" done in 45.09 μs
[02:23:55] [main/TRACE] [REI] [REIPlugin START] Reloading Section: "reloadable-plugin/FluidComparatorRegistryImpl/FabricFluidAPISupportPlugin/"
[02:23:55] [main/TRACE] [REI] [REIPlugin START] Reloading Section: "reloadable-plugin/FluidComparatorRegistryImpl/FabricFluidAPISupportPlugin/" done in 36.60 μs
[02:23:55] [main/TRACE] [REI] [REIPlugin START] Reloading Section: "reloadable-plugin/FluidComparatorRegistryImpl/DefaultRuntimePlugin of DefaultRuntimePlugin [roughlyenoughitems]/"
[02:23:55] [main/TRACE] [REI] [REIPlugin START] Reloading Section: "reloadable-plugin/FluidComparatorRegistryImpl/DefaultRuntimePlugin of DefaultRuntimePlugin [roughlyenoughitems]/" done in 44.25 μs
[02:23:55] [main/TRACE] [REI] [REIPlugin START] Reloading Section: "reloadable-plugin/FluidComparatorRegistryImpl/" done in 416.3 μs
[02:23:55] [main/TRACE] [REI] [REIPlugin START] Reloading Section: "reloadable-plugin/DisplaySerializerRegistryImpl/"
[02:23:55] [main/TRACE] [REI] [REIPlugin START] Reloading Section: "reloadable-plugin/DisplaySerializerRegistryImpl/DefaultPlugin of DefaultPlugin [roughlyenoughitems]/"
[02:23:55] [main/TRACE] [REI] [REIPlugin START] Reloading Section: "reloadable-plugin/DisplaySerializerRegistryImpl/DefaultPlugin of DefaultPlugin [roughlyenoughitems]/" done in 43.05 μs
[02:23:55] [main/TRACE] [REI] [REIPlugin START] Reloading Section: "reloadable-plugin/DisplaySerializerRegistryImpl/FabricFluidAPISupportPlugin/"
[02:23:55] [main/TRACE] [REI] [REIPlugin START] Reloading Section: "reloadable-plugin/DisplaySerializerRegistryImpl/FabricFluidAPISupportPlugin/" done in 34.06 μs
[02:23:55] [main/TRACE] [REI] [REIPlugin START] Reloading Section: "reloadable-plugin/DisplaySerializerRegistryImpl/DefaultRuntimePlugin of DefaultRuntimePlugin [roughlyenoughitems]/"
[02:23:55] [main/TRACE] [REI] [REIPlugin START] Reloading Section: "reloadable-plugin/DisplaySerializerRegistryImpl/DefaultRuntimePlugin of DefaultRuntimePlugin [roughlyenoughitems]/" done in 35.35 μs
[02:23:55] [main/TRACE] [REI] [REIPlugin START] Reloading Section: "reloadable-plugin/DisplaySerializerRegistryImpl/" done in 400.9 μs
[02:23:55] [main/TRACE] [REI] [REIPlugin START] Reloading Section: "reloadable-plugin/FluidSupportProviderImpl/"
[02:23:55] [main/TRACE] [REI] [REIPlugin START] Reloading Section: "reloadable-plugin/FluidSupportProviderImpl/DefaultPlugin of DefaultPlugin [roughlyenoughitems]/"
[02:23:55] [main/TRACE] [REI] [REIPlugin START] Reloading Section: "reloadable-plugin/FluidSupportProviderImpl/DefaultPlugin of DefaultPlugin [roughlyenoughitems]/" done in 443.0 μs
[02:23:55] [main/TRACE] [REI] [REIPlugin START] Reloading Section: "reloadable-plugin/FluidSupportProviderImpl/FabricFluidAPISupportPlugin/"
[02:23:55] [main/TRACE] [REI] [REIPlugin START] Reloading Section: "reloadable-plugin/FluidSupportProviderImpl/FabricFluidAPISupportPlugin/" done in 217.2 μs
[02:23:55] [main/TRACE] [REI] [REIPlugin START] Reloading Section: "reloadable-plugin/FluidSupportProviderImpl/DefaultRuntimePlugin of DefaultRuntimePlugin [roughlyenoughitems]/"
[02:23:55] [main/TRACE] [REI] [REIPlugin START] Reloading Section: "reloadable-plugin/FluidSupportProviderImpl/DefaultRuntimePlugin of DefaultRuntimePlugin [roughlyenoughitems]/" done in 46.61 μs
[02:23:55] [main/TRACE] [REI] [REIPlugin START] Reloading Section: "reloadable-plugin/FluidSupportProviderImpl/" done in 1.048 ms
[02:23:55] [main/DEBUG] [REI] ========================================
[02:23:55] [main/DEBUG] [REI] REIPlugin ending main-reload for START.
[02:23:55] [main/DEBUG] [REI] ========================================
[02:23:55] [main/TRACE] [REI] [REIPlugin START] Reloading Section: "end-reload/"
[02:23:55] [main/TRACE] [REI] [REIPlugin START] Reloading Section: "end-reload/EntryTypeRegistryImpl/"
[02:23:55] [main/TRACE] [REI] [REIPlugin START] Reloading Section: "end-reload/EntryTypeRegistryImpl/" done in 37.09 μs
[02:23:55] [main/TRACE] [REI] [REIPlugin START] Reloading Section: "end-reload/EntrySettingsAdapterRegistryImpl/"
[02:23:55] [main/TRACE] [REI] [REIPlugin START] Reloading Section: "end-reload/EntrySettingsAdapterRegistryImpl/" done in 33.19 μs
[02:23:55] [main/TRACE] [REI] [REIPlugin START] Reloading Section: "end-reload/RecipeManagerContextImpl/"
[02:23:55] [main/TRACE] [REI] [REIPlugin START] Reloading Section: "end-reload/RecipeManagerContextImpl/" done in 25.75 μs
[02:23:55] [main/TRACE] [REI] [REIPlugin START] Reloading Section: "end-reload/ItemComparatorRegistryImpl/"
[02:23:55] [main/TRACE] [REI] [REIPlugin START] Reloading Section: "end-reload/ItemComparatorRegistryImpl/" done in 26.61 μs
[02:23:55] [main/TRACE] [REI] [REIPlugin START] Reloading Section: "end-reload/FluidComparatorRegistryImpl/"
[02:23:55] [main/TRACE] [REI] [REIPlugin START] Reloading Section: "end-reload/FluidComparatorRegistryImpl/" done in 44.26 μs
[02:23:55] [main/TRACE] [REI] [REIPlugin START] Reloading Section: "end-reload/DisplaySerializerRegistryImpl/"
[02:23:55] [main/TRACE] [REI] [REIPlugin START] Reloading Section: "end-reload/DisplaySerializerRegistryImpl/" done in 28.57 μs
[02:23:55] [main/TRACE] [REI] [REIPlugin START] Reloading Section: "end-reload/FluidSupportProviderImpl/"
[02:23:55] [main/TRACE] [REI] [REIPlugin START] Reloading Section: "end-reload/FluidSupportProviderImpl/" done in 27.81 μs
[02:23:55] [main/TRACE] [REI] [REIPlugin START] Reloading Section: "end-reload/" done in 754.4 μs
[02:23:55] [main/DEBUG] [REI] ========================================
[02:23:55] [main/DEBUG] [REI] REIPlugin ended main-reload for START in 18.53 ms.
[02:23:55] [main/DEBUG] [REI] ========================================
[02:23:55] [main/INFO] [REI] ~~~~~~~~~~~~~~~~~~~~~~~~~~~~~~~~~~~~~~~~
[02:23:55] [main/INFO] [REI] REIServerPlugin starting main-reload for START.
[02:23:55] [main/DEBUG] [REI] Reloadables (2):
[02:23:55] [main/DEBUG] [REI]  - MenuInfoRegistryImpl
[02:23:55] [main/DEBUG] [REI]  - SlotAccessorRegistryImpl
[02:23:55] [main/INFO] [REI] Plugins (3):
[02:23:55] [main/INFO] [REI]  - (-100.00) DefaultPlugin of DefaultPlugin [roughlyenoughitems]
[02:23:55] [main/INFO] [REI]  - (0.00) FabricFluidAPISupportPlugin
[02:23:55] [main/INFO] [REI]  - (0.00) DefaultRuntimePlugin of DefaultRuntimePlugin [roughlyenoughitems]
[02:23:55] [main/INFO] [REI] ~~~~~~~~~~~~~~~~~~~~~~~~~~~~~~~~~~~~~~~~
[02:23:55] [main/TRACE] [REI] [REIServerPlugin START] Reloading Section: "start-reload/"
[02:23:55] [main/TRACE] [REI] [REIServerPlugin START] Reloading Section: "start-reload/MenuInfoRegistryImpl/"
[02:23:55] [main/TRACE] [REI] [REIServerPlugin START] Reloading Section: "start-reload/MenuInfoRegistryImpl/" done in 38.49 μs
[02:23:55] [main/TRACE] [REI] [REIServerPlugin START] Reloading Section: "start-reload/SlotAccessorRegistryImpl/"
[02:23:55] [main/TRACE] [REI] [REIServerPlugin START] Reloading Section: "start-reload/SlotAccessorRegistryImpl/" done in 34.91 μs
[02:23:55] [main/TRACE] [REI] [REIServerPlugin START] Reloading Section: "start-reload/" done in 263.0 μs
[02:23:55] [main/DEBUG] [REI] ========================================
[02:23:55] [main/DEBUG] [REI] REIServerPlugin started main-reload for START.
[02:23:55] [main/DEBUG] [REI] ========================================
[02:23:55] [main/TRACE] [REI] [REIServerPlugin START] Reloading Section: "reloadable-plugin/MenuInfoRegistryImpl/"
[02:23:55] [main/TRACE] [REI] [REIServerPlugin START] Reloading Section: "reloadable-plugin/MenuInfoRegistryImpl/DefaultPlugin of DefaultPlugin [roughlyenoughitems]/"
[02:23:55] [main/TRACE] [REI] [REIServerPlugin START] Reloading Section: "reloadable-plugin/MenuInfoRegistryImpl/DefaultPlugin of DefaultPlugin [roughlyenoughitems]/" done in 40.25 μs
[02:23:55] [main/TRACE] [REI] [REIServerPlugin START] Reloading Section: "reloadable-plugin/MenuInfoRegistryImpl/FabricFluidAPISupportPlugin/"
[02:23:55] [main/TRACE] [REI] [REIServerPlugin START] Reloading Section: "reloadable-plugin/MenuInfoRegistryImpl/FabricFluidAPISupportPlugin/" done in 40.19 μs
[02:23:55] [main/TRACE] [REI] [REIServerPlugin START] Reloading Section: "reloadable-plugin/MenuInfoRegistryImpl/DefaultRuntimePlugin of DefaultRuntimePlugin [roughlyenoughitems]/"
[02:23:55] [main/TRACE] [REI] [REIServerPlugin START] Reloading Section: "reloadable-plugin/MenuInfoRegistryImpl/DefaultRuntimePlugin of DefaultRuntimePlugin [roughlyenoughitems]/" done in 49.31 μs
[02:23:55] [main/TRACE] [REI] [REIServerPlugin START] Reloading Section: "reloadable-plugin/MenuInfoRegistryImpl/" done in 420.1 μs
[02:23:55] [main/TRACE] [REI] [REIServerPlugin START] Reloading Section: "reloadable-plugin/SlotAccessorRegistryImpl/"
[02:23:55] [main/TRACE] [REI] [REIServerPlugin START] Reloading Section: "reloadable-plugin/SlotAccessorRegistryImpl/DefaultPlugin of DefaultPlugin [roughlyenoughitems]/"
[02:23:55] [main/TRACE] [REI] [REIServerPlugin START] Reloading Section: "reloadable-plugin/SlotAccessorRegistryImpl/DefaultPlugin of DefaultPlugin [roughlyenoughitems]/" done in 36.52 μs
[02:23:55] [main/TRACE] [REI] [REIServerPlugin START] Reloading Section: "reloadable-plugin/SlotAccessorRegistryImpl/FabricFluidAPISupportPlugin/"
[02:23:55] [main/TRACE] [REI] [REIServerPlugin START] Reloading Section: "reloadable-plugin/SlotAccessorRegistryImpl/FabricFluidAPISupportPlugin/" done in 41.22 μs
[02:23:55] [main/TRACE] [REI] [REIServerPlugin START] Reloading Section: "reloadable-plugin/SlotAccessorRegistryImpl/DefaultRuntimePlugin of DefaultRuntimePlugin [roughlyenoughitems]/"
[02:23:55] [main/TRACE] [REI] [REIServerPlugin START] Reloading Section: "reloadable-plugin/SlotAccessorRegistryImpl/DefaultRuntimePlugin of DefaultRuntimePlugin [roughlyenoughitems]/" done in 42.78 μs
[02:23:55] [main/TRACE] [REI] [REIServerPlugin START] Reloading Section: "reloadable-plugin/SlotAccessorRegistryImpl/" done in 419.4 μs
[02:23:55] [main/DEBUG] [REI] ========================================
[02:23:55] [main/DEBUG] [REI] REIServerPlugin ending main-reload for START.
[02:23:55] [main/DEBUG] [REI] ========================================
[02:23:55] [main/TRACE] [REI] [REIServerPlugin START] Reloading Section: "end-reload/"
[02:23:55] [main/TRACE] [REI] [REIServerPlugin START] Reloading Section: "end-reload/MenuInfoRegistryImpl/"
[02:23:55] [main/TRACE] [REI] [REIServerPlugin START] Reloading Section: "end-reload/MenuInfoRegistryImpl/" done in 36.21 μs
[02:23:55] [main/TRACE] [REI] [REIServerPlugin START] Reloading Section: "end-reload/SlotAccessorRegistryImpl/"
[02:23:55] [main/TRACE] [REI] [REIServerPlugin START] Reloading Section: "end-reload/SlotAccessorRegistryImpl/" done in 22.63 μs
[02:23:55] [main/TRACE] [REI] [REIServerPlugin START] Reloading Section: "end-reload/" done in 192.9 μs
[02:23:55] [main/DEBUG] [REI] ========================================
[02:23:55] [main/DEBUG] [REI] REIServerPlugin ended main-reload for START in 2.992 ms.
[02:23:55] [main/DEBUG] [REI] ========================================
[02:23:55] [main/DEBUG] [REI] ========================================
[02:23:55] [main/DEBUG] [REI] REIPlugin starting post-reload for START.
[02:23:55] [main/DEBUG] [REI] Reloadables (7):
[02:23:55] [main/DEBUG] [REI]  - EntryTypeRegistryImpl
[02:23:55] [main/DEBUG] [REI]  - EntrySettingsAdapterRegistryImpl
[02:23:55] [main/DEBUG] [REI]  - RecipeManagerContextImpl
[02:23:55] [main/DEBUG] [REI]  - ItemComparatorRegistryImpl
[02:23:55] [main/DEBUG] [REI]  - FluidComparatorRegistryImpl
[02:23:55] [main/DEBUG] [REI]  - DisplaySerializerRegistryImpl
[02:23:55] [main/DEBUG] [REI]  - FluidSupportProviderImpl
[02:23:55] [main/DEBUG] [REI] Plugins (3):
[02:23:55] [main/DEBUG] [REI]  - (-100.00) DefaultPlugin of DefaultPlugin [roughlyenoughitems]
[02:23:55] [main/DEBUG] [REI]  - (0.00) FabricFluidAPISupportPlugin
[02:23:55] [main/DEBUG] [REI]  - (0.00) DefaultRuntimePlugin of DefaultRuntimePlugin [roughlyenoughitems]
[02:23:55] [main/DEBUG] [REI] ========================================
[02:23:55] [main/TRACE] [REI] [REIPlugin START] Reloading Section: "post-register/"
[02:23:55] [main/TRACE] [REI] [REIPlugin START] Reloading Section: "post-register/DefaultPlugin of DefaultPlugin [roughlyenoughitems]/"
[02:23:55] [main/TRACE] [REI] [REIPlugin START] Reloading Section: "post-register/DefaultPlugin of DefaultPlugin [roughlyenoughitems]/" done in 223.2 μs
[02:23:55] [main/TRACE] [REI] [REIPlugin START] Reloading Section: "post-register/FabricFluidAPISupportPlugin/"
[02:23:55] [main/TRACE] [REI] [REIPlugin START] Reloading Section: "post-register/FabricFluidAPISupportPlugin/" done in 41.17 μs
[02:23:55] [main/TRACE] [REI] [REIPlugin START] Reloading Section: "post-register/DefaultRuntimePlugin of DefaultRuntimePlugin [roughlyenoughitems]/"
[02:23:55] [main/TRACE] [REI] [REIPlugin START] Reloading Section: "post-register/DefaultRuntimePlugin of DefaultRuntimePlugin [roughlyenoughitems]/" done in 37.63 μs
[02:23:55] [main/TRACE] [REI] [REIPlugin START] Reloading Section: "post-register/" done in 795.0 μs
[02:23:55] [main/TRACE] [REI] [REIPlugin START] Reloading Section: "post-stage/"
[02:23:55] [main/TRACE] [REI] [REIPlugin START] Reloading Section: "post-stage/EntryTypeRegistryImpl/"
[02:23:55] [main/TRACE] [REI] [REIPlugin START] Reloading Section: "post-stage/EntryTypeRegistryImpl/" done in 46.06 μs
[02:23:55] [main/TRACE] [REI] [REIPlugin START] Reloading Section: "post-stage/EntrySettingsAdapterRegistryImpl/"
[02:23:55] [main/TRACE] [REI] [REIPlugin START] Reloading Section: "post-stage/EntrySettingsAdapterRegistryImpl/" done in 33.84 μs
[02:23:55] [main/TRACE] [REI] [REIPlugin START] Reloading Section: "post-stage/RecipeManagerContextImpl/"
[02:23:55] [main/TRACE] [REI] [REIPlugin START] Reloading Section: "post-stage/RecipeManagerContextImpl/" done in 31.30 μs
[02:23:55] [main/TRACE] [REI] [REIPlugin START] Reloading Section: "post-stage/ItemComparatorRegistryImpl/"
[02:23:55] [main/TRACE] [REI] [REIPlugin START] Reloading Section: "post-stage/ItemComparatorRegistryImpl/" done in 32.99 μs
[02:23:55] [main/TRACE] [REI] [REIPlugin START] Reloading Section: "post-stage/FluidComparatorRegistryImpl/"
[02:23:55] [main/TRACE] [REI] [REIPlugin START] Reloading Section: "post-stage/FluidComparatorRegistryImpl/" done in 48.34 μs
[02:23:55] [main/TRACE] [REI] [REIPlugin START] Reloading Section: "post-stage/DisplaySerializerRegistryImpl/"
[02:23:55] [main/TRACE] [REI] [REIPlugin START] Reloading Section: "post-stage/DisplaySerializerRegistryImpl/" done in 33.30 μs
[02:23:55] [main/TRACE] [REI] [REIPlugin START] Reloading Section: "post-stage/FluidSupportProviderImpl/"
[02:23:55] [main/TRACE] [REI] [REIPlugin START] Reloading Section: "post-stage/FluidSupportProviderImpl/" done in 31.91 μs
[02:23:55] [main/TRACE] [REI] [REIPlugin START] Reloading Section: "post-stage/" done in 822.2 μs
[02:23:55] [main/DEBUG] [REI] ========================================
[02:23:55] [main/INFO] [REI] REIPlugin finished post-reload for START in 1.758 ms, totaling 31.57 ms.
[02:23:55] [main/DEBUG] [REI] ========================================
[02:23:55] [main/DEBUG] [REI] ========================================
[02:23:55] [main/DEBUG] [REI] REIServerPlugin starting post-reload for START.
[02:23:55] [main/DEBUG] [REI] Reloadables (2):
[02:23:55] [main/DEBUG] [REI]  - MenuInfoRegistryImpl
[02:23:55] [main/DEBUG] [REI]  - SlotAccessorRegistryImpl
[02:23:55] [main/DEBUG] [REI] Plugins (3):
[02:23:55] [main/DEBUG] [REI]  - (-100.00) DefaultPlugin of DefaultPlugin [roughlyenoughitems]
[02:23:55] [main/DEBUG] [REI]  - (0.00) FabricFluidAPISupportPlugin
[02:23:55] [main/DEBUG] [REI]  - (0.00) DefaultRuntimePlugin of DefaultRuntimePlugin [roughlyenoughitems]
[02:23:55] [main/DEBUG] [REI] ========================================
[02:23:55] [main/TRACE] [REI] [REIServerPlugin START] Reloading Section: "post-register/"
[02:23:55] [main/TRACE] [REI] [REIServerPlugin START] Reloading Section: "post-register/DefaultPlugin of DefaultPlugin [roughlyenoughitems]/"
[02:23:55] [main/TRACE] [REI] [REIServerPlugin START] Reloading Section: "post-register/DefaultPlugin of DefaultPlugin [roughlyenoughitems]/" done in 39.26 μs
[02:23:55] [main/TRACE] [REI] [REIServerPlugin START] Reloading Section: "post-register/FabricFluidAPISupportPlugin/"
[02:23:55] [main/TRACE] [REI] [REIServerPlugin START] Reloading Section: "post-register/FabricFluidAPISupportPlugin/" done in 38.71 μs
[02:23:55] [main/TRACE] [REI] [REIServerPlugin START] Reloading Section: "post-register/DefaultRuntimePlugin of DefaultRuntimePlugin [roughlyenoughitems]/"
[02:23:55] [main/TRACE] [REI] [REIServerPlugin START] Reloading Section: "post-register/DefaultRuntimePlugin of DefaultRuntimePlugin [roughlyenoughitems]/" done in 38.15 μs
[02:23:55] [main/TRACE] [REI] [REIServerPlugin START] Reloading Section: "post-register/" done in 406.3 μs
[02:23:55] [main/TRACE] [REI] [REIServerPlugin START] Reloading Section: "post-stage/"
[02:23:55] [main/TRACE] [REI] [REIServerPlugin START] Reloading Section: "post-stage/MenuInfoRegistryImpl/"
[02:23:55] [main/TRACE] [REI] [REIServerPlugin START] Reloading Section: "post-stage/MenuInfoRegistryImpl/" done in 31.74 μs
[02:23:55] [main/TRACE] [REI] [REIServerPlugin START] Reloading Section: "post-stage/SlotAccessorRegistryImpl/"
[02:23:55] [main/TRACE] [REI] [REIServerPlugin START] Reloading Section: "post-stage/SlotAccessorRegistryImpl/" done in 55.28 μs
[02:23:55] [main/TRACE] [REI] [REIServerPlugin START] Reloading Section: "post-stage/" done in 263.9 μs
[02:23:55] [main/DEBUG] [REI] ========================================
[02:23:55] [main/INFO] [REI] REIServerPlugin finished post-reload for START in 804.5 μs, totaling 4.611 ms.
[02:23:55] [main/DEBUG] [REI] ========================================
[02:23:55] [main/DEBUG] [REI] ========================================
[02:23:55] [main/DEBUG] [REI] REIPlugin starting pre-reload for END.
[02:23:55] [main/DEBUG] [REI] Reloadables (7):
[02:23:55] [main/DEBUG] [REI]  - EntryTypeRegistryImpl
[02:23:55] [main/DEBUG] [REI]  - EntrySettingsAdapterRegistryImpl
[02:23:55] [main/DEBUG] [REI]  - RecipeManagerContextImpl
[02:23:55] [main/DEBUG] [REI]  - ItemComparatorRegistryImpl
[02:23:55] [main/DEBUG] [REI]  - FluidComparatorRegistryImpl
[02:23:55] [main/DEBUG] [REI]  - DisplaySerializerRegistryImpl
[02:23:55] [main/DEBUG] [REI]  - FluidSupportProviderImpl
[02:23:55] [main/DEBUG] [REI] Plugins (3):
[02:23:55] [main/DEBUG] [REI]  - (-100.00) DefaultPlugin of DefaultPlugin [roughlyenoughitems]
[02:23:55] [main/DEBUG] [REI]  - (0.00) FabricFluidAPISupportPlugin
[02:23:55] [main/DEBUG] [REI]  - (0.00) DefaultRuntimePlugin of DefaultRuntimePlugin [roughlyenoughitems]
[02:23:55] [main/DEBUG] [REI] ========================================
[02:23:55] [main/TRACE] [REI] [REIPlugin END] Reloading Section: "pre-register/"
[02:23:55] [main/TRACE] [REI] [REIPlugin END] Reloading Section: "pre-register/DefaultPlugin of DefaultPlugin [roughlyenoughitems]/"
[02:23:55] [main/TRACE] [REI] [REIPlugin END] Reloading Section: "pre-register/DefaultPlugin of DefaultPlugin [roughlyenoughitems]/" done in 32.54 μs
[02:23:55] [main/TRACE] [REI] [REIPlugin END] Reloading Section: "pre-register/FabricFluidAPISupportPlugin/"
[02:23:55] [main/TRACE] [REI] [REIPlugin END] Reloading Section: "pre-register/FabricFluidAPISupportPlugin/" done in 31.32 μs
[02:23:55] [main/TRACE] [REI] [REIPlugin END] Reloading Section: "pre-register/DefaultRuntimePlugin of DefaultRuntimePlugin [roughlyenoughitems]/"
[02:23:55] [main/TRACE] [REI] [REIPlugin END] Reloading Section: "pre-register/DefaultRuntimePlugin of DefaultRuntimePlugin [roughlyenoughitems]/" done in 62.56 μs
[02:23:55] [main/TRACE] [REI] [REIPlugin END] Reloading Section: "pre-register/" done in 373.0 μs
[02:23:55] [main/TRACE] [REI] [REIPlugin END] Reloading Section: "pre-stage/"
[02:23:55] [main/TRACE] [REI] [REIPlugin END] Reloading Section: "pre-stage/EntryTypeRegistryImpl/"
[02:23:55] [main/TRACE] [REI] [REIPlugin END] Reloading Section: "pre-stage/EntryTypeRegistryImpl/" done in 37.29 μs
[02:23:55] [main/TRACE] [REI] [REIPlugin END] Reloading Section: "pre-stage/EntrySettingsAdapterRegistryImpl/"
[02:23:55] [main/TRACE] [REI] [REIPlugin END] Reloading Section: "pre-stage/EntrySettingsAdapterRegistryImpl/" done in 34.55 μs
[02:23:55] [main/TRACE] [REI] [REIPlugin END] Reloading Section: "pre-stage/RecipeManagerContextImpl/"
[02:23:55] [main/TRACE] [REI] [REIPlugin END] Reloading Section: "pre-stage/RecipeManagerContextImpl/" done in 38.92 μs
[02:23:55] [main/TRACE] [REI] [REIPlugin END] Reloading Section: "pre-stage/ItemComparatorRegistryImpl/"
[02:23:55] [main/TRACE] [REI] [REIPlugin END] Reloading Section: "pre-stage/ItemComparatorRegistryImpl/" done in 37.12 μs
[02:23:55] [main/TRACE] [REI] [REIPlugin END] Reloading Section: "pre-stage/FluidComparatorRegistryImpl/"
[02:23:55] [main/TRACE] [REI] [REIPlugin END] Reloading Section: "pre-stage/FluidComparatorRegistryImpl/" done in 37.92 μs
[02:23:55] [main/TRACE] [REI] [REIPlugin END] Reloading Section: "pre-stage/DisplaySerializerRegistryImpl/"
[02:23:55] [main/TRACE] [REI] [REIPlugin END] Reloading Section: "pre-stage/DisplaySerializerRegistryImpl/" done in 38.16 μs
[02:23:55] [main/TRACE] [REI] [REIPlugin END] Reloading Section: "pre-stage/FluidSupportProviderImpl/"
[02:23:55] [main/TRACE] [REI] [REIPlugin END] Reloading Section: "pre-stage/FluidSupportProviderImpl/" done in 34.19 μs
[02:23:55] [main/TRACE] [REI] [REIPlugin END] Reloading Section: "pre-stage/" done in 860.2 μs
[02:23:55] [main/DEBUG] [REI] ========================================
[02:23:55] [main/DEBUG] [REI] REIPlugin finished pre-reload for END in 1.385 ms.
[02:23:55] [main/DEBUG] [REI] ========================================
[02:23:55] [main/DEBUG] [REI] ========================================
[02:23:55] [main/DEBUG] [REI] REIServerPlugin starting pre-reload for END.
[02:23:55] [main/DEBUG] [REI] Reloadables (2):
[02:23:55] [main/DEBUG] [REI]  - MenuInfoRegistryImpl
[02:23:55] [main/DEBUG] [REI]  - SlotAccessorRegistryImpl
[02:23:55] [main/DEBUG] [REI] Plugins (3):
[02:23:55] [main/DEBUG] [REI]  - (-100.00) DefaultPlugin of DefaultPlugin [roughlyenoughitems]
[02:23:55] [main/DEBUG] [REI]  - (0.00) FabricFluidAPISupportPlugin
[02:23:55] [main/DEBUG] [REI]  - (0.00) DefaultRuntimePlugin of DefaultRuntimePlugin [roughlyenoughitems]
[02:23:55] [main/DEBUG] [REI] ========================================
[02:23:55] [main/TRACE] [REI] [REIServerPlugin END] Reloading Section: "pre-register/"
[02:23:55] [main/TRACE] [REI] [REIServerPlugin END] Reloading Section: "pre-register/DefaultPlugin of DefaultPlugin [roughlyenoughitems]/"
[02:23:55] [main/TRACE] [REI] [REIServerPlugin END] Reloading Section: "pre-register/DefaultPlugin of DefaultPlugin [roughlyenoughitems]/" done in 27.82 μs
[02:23:55] [main/TRACE] [REI] [REIServerPlugin END] Reloading Section: "pre-register/FabricFluidAPISupportPlugin/"
[02:23:55] [main/TRACE] [REI] [REIServerPlugin END] Reloading Section: "pre-register/FabricFluidAPISupportPlugin/" done in 32.98 μs
[02:23:55] [main/TRACE] [REI] [REIServerPlugin END] Reloading Section: "pre-register/DefaultRuntimePlugin of DefaultRuntimePlugin [roughlyenoughitems]/"
[02:23:55] [main/TRACE] [REI] [REIServerPlugin END] Reloading Section: "pre-register/DefaultRuntimePlugin of DefaultRuntimePlugin [roughlyenoughitems]/" done in 32.07 μs
[02:23:55] [main/TRACE] [REI] [REIServerPlugin END] Reloading Section: "pre-register/" done in 296.0 μs
[02:23:55] [main/TRACE] [REI] [REIServerPlugin END] Reloading Section: "pre-stage/"
[02:23:55] [main/TRACE] [REI] [REIServerPlugin END] Reloading Section: "pre-stage/MenuInfoRegistryImpl/"
[02:23:55] [main/TRACE] [REI] [REIServerPlugin END] Reloading Section: "pre-stage/MenuInfoRegistryImpl/" done in 54.44 μs
[02:23:55] [main/TRACE] [REI] [REIServerPlugin END] Reloading Section: "pre-stage/SlotAccessorRegistryImpl/"
[02:23:55] [main/TRACE] [REI] [REIServerPlugin END] Reloading Section: "pre-stage/SlotAccessorRegistryImpl/" done in 34.43 μs
[02:23:55] [main/TRACE] [REI] [REIServerPlugin END] Reloading Section: "pre-stage/" done in 212.0 μs
[02:23:55] [main/DEBUG] [REI] ========================================
[02:23:55] [main/DEBUG] [REI] REIServerPlugin finished pre-reload for END in 610.7 μs.
[02:23:55] [main/DEBUG] [REI] ========================================
[02:23:55] [main/INFO] [REI] ========================================
[02:23:55] [main/INFO] [REI] REIPlugin starting main-reload for END.
[02:23:55] [main/DEBUG] [REI] Reloadables (7):
[02:23:55] [main/DEBUG] [REI]  - EntryTypeRegistryImpl
[02:23:55] [main/DEBUG] [REI]  - EntrySettingsAdapterRegistryImpl
[02:23:55] [main/DEBUG] [REI]  - RecipeManagerContextImpl
[02:23:55] [main/DEBUG] [REI]  - ItemComparatorRegistryImpl
[02:23:55] [main/DEBUG] [REI]  - FluidComparatorRegistryImpl
[02:23:55] [main/DEBUG] [REI]  - DisplaySerializerRegistryImpl
[02:23:55] [main/DEBUG] [REI]  - FluidSupportProviderImpl
[02:23:55] [main/INFO] [REI] Plugins (3):
[02:23:55] [main/INFO] [REI]  - (-100.00) DefaultPlugin of DefaultPlugin [roughlyenoughitems]
[02:23:55] [main/INFO] [REI]  - (0.00) FabricFluidAPISupportPlugin
[02:23:55] [main/INFO] [REI]  - (0.00) DefaultRuntimePlugin of DefaultRuntimePlugin [roughlyenoughitems]
[02:23:55] [main/INFO] [REI] ========================================
[02:23:55] [main/TRACE] [REI] [REIPlugin END] Reloading Section: "start-reload/"
[02:23:55] [main/TRACE] [REI] [REIPlugin END] Reloading Section: "start-reload/EntryTypeRegistryImpl/"
[02:23:55] [main/TRACE] [REI] [REIPlugin END] Reloading Section: "start-reload/EntryTypeRegistryImpl/" done in 28.37 μs
[02:23:55] [main/TRACE] [REI] [REIPlugin END] Reloading Section: "start-reload/EntrySettingsAdapterRegistryImpl/"
[02:23:55] [main/TRACE] [REI] [REIPlugin END] Reloading Section: "start-reload/EntrySettingsAdapterRegistryImpl/" done in 37.35 μs
[02:23:55] [main/TRACE] [REI] [REIPlugin END] Reloading Section: "start-reload/RecipeManagerContextImpl/"
[02:23:55] [main/TRACE] [REI] [REIPlugin END] Reloading Section: "start-reload/RecipeManagerContextImpl/" done in 28.88 μs
[02:23:55] [main/TRACE] [REI] [REIPlugin END] Reloading Section: "start-reload/ItemComparatorRegistryImpl/"
[02:23:55] [main/TRACE] [REI] [REIPlugin END] Reloading Section: "start-reload/ItemComparatorRegistryImpl/" done in 58.18 μs
[02:23:55] [main/TRACE] [REI] [REIPlugin END] Reloading Section: "start-reload/FluidComparatorRegistryImpl/"
[02:23:55] [main/TRACE] [REI] [REIPlugin END] Reloading Section: "start-reload/FluidComparatorRegistryImpl/" done in 28.79 μs
[02:23:55] [main/TRACE] [REI] [REIPlugin END] Reloading Section: "start-reload/DisplaySerializerRegistryImpl/"
[02:23:55] [main/TRACE] [REI] [REIPlugin END] Reloading Section: "start-reload/DisplaySerializerRegistryImpl/" done in 37.07 μs
[02:23:55] [main/TRACE] [REI] [REIPlugin END] Reloading Section: "start-reload/FluidSupportProviderImpl/"
[02:23:55] [main/TRACE] [REI] [REIPlugin END] Reloading Section: "start-reload/FluidSupportProviderImpl/" done in 29.50 μs
[02:23:55] [main/TRACE] [REI] [REIPlugin END] Reloading Section: "start-reload/" done in 701.7 μs
[02:23:55] [main/DEBUG] [REI] ========================================
[02:23:55] [main/DEBUG] [REI] REIPlugin started main-reload for END.
[02:23:55] [main/DEBUG] [REI] ========================================
[02:23:55] [main/TRACE] [REI] [REIPlugin END] Reloading Section: "reloadable-plugin/EntryTypeRegistryImpl/"
[02:23:55] [main/TRACE] [REI] [REIPlugin END] Reloading Section: "reloadable-plugin/EntryTypeRegistryImpl/DefaultPlugin of DefaultPlugin [roughlyenoughitems]/"
[02:23:55] [main/TRACE] [REI] [REIPlugin END] Reloading Section: "reloadable-plugin/EntryTypeRegistryImpl/DefaultPlugin of DefaultPlugin [roughlyenoughitems]/" done in 37.58 μs
[02:23:55] [main/TRACE] [REI] [REIPlugin END] Reloading Section: "reloadable-plugin/EntryTypeRegistryImpl/FabricFluidAPISupportPlugin/"
[02:23:55] [main/TRACE] [REI] [REIPlugin END] Reloading Section: "reloadable-plugin/EntryTypeRegistryImpl/FabricFluidAPISupportPlugin/" done in 35.62 μs
[02:23:55] [main/TRACE] [REI] [REIPlugin END] Reloading Section: "reloadable-plugin/EntryTypeRegistryImpl/DefaultRuntimePlugin of DefaultRuntimePlugin [roughlyenoughitems]/"
[02:23:55] [main/TRACE] [REI] [REIPlugin END] Reloading Section: "reloadable-plugin/EntryTypeRegistryImpl/DefaultRuntimePlugin of DefaultRuntimePlugin [roughlyenoughitems]/" done in 37.83 μs
[02:23:55] [main/TRACE] [REI] [REIPlugin END] Reloading Section: "reloadable-plugin/EntryTypeRegistryImpl/" done in 367.7 μs
[02:23:55] [main/TRACE] [REI] [REIPlugin END] Reloading Section: "reloadable-plugin/EntrySettingsAdapterRegistryImpl/"
[02:23:55] [main/TRACE] [REI] [REIPlugin END] Reloading Section: "reloadable-plugin/EntrySettingsAdapterRegistryImpl/DefaultPlugin of DefaultPlugin [roughlyenoughitems]/"
[02:23:55] [main/TRACE] [REI] [REIPlugin END] Reloading Section: "reloadable-plugin/EntrySettingsAdapterRegistryImpl/DefaultPlugin of DefaultPlugin [roughlyenoughitems]/" done in 45.57 μs
[02:23:55] [main/TRACE] [REI] [REIPlugin END] Reloading Section: "reloadable-plugin/EntrySettingsAdapterRegistryImpl/FabricFluidAPISupportPlugin/"
[02:23:55] [main/TRACE] [REI] [REIPlugin END] Reloading Section: "reloadable-plugin/EntrySettingsAdapterRegistryImpl/FabricFluidAPISupportPlugin/" done in 164.5 μs
[02:23:55] [main/TRACE] [REI] [REIPlugin END] Reloading Section: "reloadable-plugin/EntrySettingsAdapterRegistryImpl/DefaultRuntimePlugin of DefaultRuntimePlugin [roughlyenoughitems]/"
[02:23:55] [main/TRACE] [REI] [REIPlugin END] Reloading Section: "reloadable-plugin/EntrySettingsAdapterRegistryImpl/DefaultRuntimePlugin of DefaultRuntimePlugin [roughlyenoughitems]/" done in 278.5 μs
[02:23:55] [main/TRACE] [REI] [REIPlugin END] Reloading Section: "reloadable-plugin/EntrySettingsAdapterRegistryImpl/" done in 1.295 ms
[02:23:55] [main/TRACE] [REI] [REIPlugin END] Reloading Section: "reloadable-plugin/RecipeManagerContextImpl/"
[02:23:55] [main/TRACE] [REI] [REIPlugin END] Reloading Section: "reloadable-plugin/RecipeManagerContextImpl/DefaultPlugin of DefaultPlugin [roughlyenoughitems]/"
[02:23:55] [main/TRACE] [REI] [REIPlugin END] Reloading Section: "reloadable-plugin/RecipeManagerContextImpl/DefaultPlugin of DefaultPlugin [roughlyenoughitems]/" done in 138.7 μs
[02:23:55] [main/TRACE] [REI] [REIPlugin END] Reloading Section: "reloadable-plugin/RecipeManagerContextImpl/FabricFluidAPISupportPlugin/"
[02:23:55] [main/TRACE] [REI] [REIPlugin END] Reloading Section: "reloadable-plugin/RecipeManagerContextImpl/FabricFluidAPISupportPlugin/" done in 370.9 μs
[02:23:55] [main/TRACE] [REI] [REIPlugin END] Reloading Section: "reloadable-plugin/RecipeManagerContextImpl/DefaultRuntimePlugin of DefaultRuntimePlugin [roughlyenoughitems]/"
[02:23:55] [main/TRACE] [REI] [REIPlugin END] Reloading Section: "reloadable-plugin/RecipeManagerContextImpl/DefaultRuntimePlugin of DefaultRuntimePlugin [roughlyenoughitems]/" done in 135.4 μs
[02:23:55] [main/TRACE] [REI] [REIPlugin END] Reloading Section: "reloadable-plugin/RecipeManagerContextImpl/" done in 1.396 ms
[02:23:55] [main/TRACE] [REI] [REIPlugin END] Reloading Section: "reloadable-plugin/ItemComparatorRegistryImpl/"
[02:23:55] [main/TRACE] [REI] [REIPlugin END] Reloading Section: "reloadable-plugin/ItemComparatorRegistryImpl/DefaultPlugin of DefaultPlugin [roughlyenoughitems]/"
[02:23:55] [main/TRACE] [REI] [REIPlugin END] Reloading Section: "reloadable-plugin/ItemComparatorRegistryImpl/DefaultPlugin of DefaultPlugin [roughlyenoughitems]/" done in 46.51 μs
[02:23:55] [main/TRACE] [REI] [REIPlugin END] Reloading Section: "reloadable-plugin/ItemComparatorRegistryImpl/FabricFluidAPISupportPlugin/"
[02:23:55] [main/TRACE] [REI] [REIPlugin END] Reloading Section: "reloadable-plugin/ItemComparatorRegistryImpl/FabricFluidAPISupportPlugin/" done in 36.49 μs
[02:23:55] [main/TRACE] [REI] [REIPlugin END] Reloading Section: "reloadable-plugin/ItemComparatorRegistryImpl/DefaultRuntimePlugin of DefaultRuntimePlugin [roughlyenoughitems]/"
[02:23:55] [main/TRACE] [REI] [REIPlugin END] Reloading Section: "reloadable-plugin/ItemComparatorRegistryImpl/DefaultRuntimePlugin of DefaultRuntimePlugin [roughlyenoughitems]/" done in 35.88 μs
[02:23:55] [main/TRACE] [REI] [REIPlugin END] Reloading Section: "reloadable-plugin/ItemComparatorRegistryImpl/" done in 495.0 μs
[02:23:55] [main/TRACE] [REI] [REIPlugin END] Reloading Section: "reloadable-plugin/FluidComparatorRegistryImpl/"
[02:23:55] [main/TRACE] [REI] [REIPlugin END] Reloading Section: "reloadable-plugin/FluidComparatorRegistryImpl/DefaultPlugin of DefaultPlugin [roughlyenoughitems]/"
[02:23:55] [main/TRACE] [REI] [REIPlugin END] Reloading Section: "reloadable-plugin/FluidComparatorRegistryImpl/DefaultPlugin of DefaultPlugin [roughlyenoughitems]/" done in 52.04 μs
[02:23:55] [main/TRACE] [REI] [REIPlugin END] Reloading Section: "reloadable-plugin/FluidComparatorRegistryImpl/FabricFluidAPISupportPlugin/"
[02:23:55] [main/TRACE] [REI] [REIPlugin END] Reloading Section: "reloadable-plugin/FluidComparatorRegistryImpl/FabricFluidAPISupportPlugin/" done in 39.85 μs
[02:23:55] [main/TRACE] [REI] [REIPlugin END] Reloading Section: "reloadable-plugin/FluidComparatorRegistryImpl/DefaultRuntimePlugin of DefaultRuntimePlugin [roughlyenoughitems]/"
[02:23:55] [main/TRACE] [REI] [REIPlugin END] Reloading Section: "reloadable-plugin/FluidComparatorRegistryImpl/DefaultRuntimePlugin of DefaultRuntimePlugin [roughlyenoughitems]/" done in 68.60 μs
[02:23:55] [main/TRACE] [REI] [REIPlugin END] Reloading Section: "reloadable-plugin/FluidComparatorRegistryImpl/" done in 419.6 μs
[02:23:55] [main/TRACE] [REI] [REIPlugin END] Reloading Section: "reloadable-plugin/DisplaySerializerRegistryImpl/"
[02:23:55] [main/TRACE] [REI] [REIPlugin END] Reloading Section: "reloadable-plugin/DisplaySerializerRegistryImpl/DefaultPlugin of DefaultPlugin [roughlyenoughitems]/"
[02:23:55] [main/TRACE] [REI] [REIPlugin END] Reloading Section: "reloadable-plugin/DisplaySerializerRegistryImpl/DefaultPlugin of DefaultPlugin [roughlyenoughitems]/" done in 21.53 ms
[02:23:55] [main/TRACE] [REI] [REIPlugin END] Reloading Section: "reloadable-plugin/DisplaySerializerRegistryImpl/FabricFluidAPISupportPlugin/"
[02:23:55] [main/TRACE] [REI] [REIPlugin END] Reloading Section: "reloadable-plugin/DisplaySerializerRegistryImpl/FabricFluidAPISupportPlugin/" done in 39.70 μs
[02:23:55] [main/TRACE] [REI] [REIPlugin END] Reloading Section: "reloadable-plugin/DisplaySerializerRegistryImpl/DefaultRuntimePlugin of DefaultRuntimePlugin [roughlyenoughitems]/"
[02:23:55] [main/TRACE] [REI] [REIPlugin END] Reloading Section: "reloadable-plugin/DisplaySerializerRegistryImpl/DefaultRuntimePlugin of DefaultRuntimePlugin [roughlyenoughitems]/" done in 56.59 μs
[02:23:55] [main/TRACE] [REI] [REIPlugin END] Reloading Section: "reloadable-plugin/DisplaySerializerRegistryImpl/" done in 22.04 ms
[02:23:55] [main/TRACE] [REI] [REIPlugin END] Reloading Section: "reloadable-plugin/FluidSupportProviderImpl/"
[02:23:55] [main/TRACE] [REI] [REIPlugin END] Reloading Section: "reloadable-plugin/FluidSupportProviderImpl/DefaultPlugin of DefaultPlugin [roughlyenoughitems]/"
[02:23:55] [main/TRACE] [REI] [REIPlugin END] Reloading Section: "reloadable-plugin/FluidSupportProviderImpl/DefaultPlugin of DefaultPlugin [roughlyenoughitems]/" done in 41.80 μs
[02:23:55] [main/TRACE] [REI] [REIPlugin END] Reloading Section: "reloadable-plugin/FluidSupportProviderImpl/FabricFluidAPISupportPlugin/"
[02:23:55] [main/TRACE] [REI] [REIPlugin END] Reloading Section: "reloadable-plugin/FluidSupportProviderImpl/FabricFluidAPISupportPlugin/" done in 35.42 μs
[02:23:55] [main/TRACE] [REI] [REIPlugin END] Reloading Section: "reloadable-plugin/FluidSupportProviderImpl/DefaultRuntimePlugin of DefaultRuntimePlugin [roughlyenoughitems]/"
[02:23:55] [main/TRACE] [REI] [REIPlugin END] Reloading Section: "reloadable-plugin/FluidSupportProviderImpl/DefaultRuntimePlugin of DefaultRuntimePlugin [roughlyenoughitems]/" done in 38.92 μs
[02:23:55] [main/TRACE] [REI] [REIPlugin END] Reloading Section: "reloadable-plugin/FluidSupportProviderImpl/" done in 409.3 μs
[02:23:55] [main/DEBUG] [REI] ========================================
[02:23:55] [main/DEBUG] [REI] REIPlugin ending main-reload for END.
[02:23:55] [main/DEBUG] [REI] ========================================
[02:23:55] [main/TRACE] [REI] [REIPlugin END] Reloading Section: "end-reload/"
[02:23:55] [main/TRACE] [REI] [REIPlugin END] Reloading Section: "end-reload/EntryTypeRegistryImpl/"
[02:23:55] [main/TRACE] [REI] [REIPlugin END] Reloading Section: "end-reload/EntryTypeRegistryImpl/" done in 19.24 μs
[02:23:55] [main/TRACE] [REI] [REIPlugin END] Reloading Section: "end-reload/EntrySettingsAdapterRegistryImpl/"
[02:23:55] [main/TRACE] [REI] [REIPlugin END] Reloading Section: "end-reload/EntrySettingsAdapterRegistryImpl/" done in 31.61 μs
[02:23:55] [main/TRACE] [REI] [REIPlugin END] Reloading Section: "end-reload/RecipeManagerContextImpl/"
[02:23:55] [main/TRACE] [REI] [REIPlugin END] Reloading Section: "end-reload/RecipeManagerContextImpl/" done in 21.92 μs
[02:23:55] [main/TRACE] [REI] [REIPlugin END] Reloading Section: "end-reload/ItemComparatorRegistryImpl/"
[02:23:55] [main/TRACE] [REI] [REIPlugin END] Reloading Section: "end-reload/ItemComparatorRegistryImpl/" done in 18.92 μs
[02:23:55] [main/TRACE] [REI] [REIPlugin END] Reloading Section: "end-reload/FluidComparatorRegistryImpl/"
[02:23:55] [main/TRACE] [REI] [REIPlugin END] Reloading Section: "end-reload/FluidComparatorRegistryImpl/" done in 23.59 μs
[02:23:55] [main/TRACE] [REI] [REIPlugin END] Reloading Section: "end-reload/DisplaySerializerRegistryImpl/"
[02:23:55] [main/TRACE] [REI] [REIPlugin END] Reloading Section: "end-reload/DisplaySerializerRegistryImpl/" done in 23.91 μs
[02:23:55] [main/TRACE] [REI] [REIPlugin END] Reloading Section: "end-reload/FluidSupportProviderImpl/"
[02:23:55] [main/TRACE] [REI] [REIPlugin END] Reloading Section: "end-reload/FluidSupportProviderImpl/" done in 24.02 μs
[02:23:55] [main/TRACE] [REI] [REIPlugin END] Reloading Section: "end-reload/" done in 606.3 μs
[02:23:55] [main/DEBUG] [REI] ========================================
[02:23:55] [main/DEBUG] [REI] REIPlugin ended main-reload for END in 30.06 ms.
[02:23:55] [main/DEBUG] [REI] ========================================
[02:23:55] [main/INFO] [REI] %%%%%%%%%%%%%%%%%%%%%%%%%%%%%%%%%%%%%%%%
[02:23:55] [main/INFO] [REI] REIServerPlugin starting main-reload for END.
[02:23:55] [main/DEBUG] [REI] Reloadables (2):
[02:23:55] [main/DEBUG] [REI]  - MenuInfoRegistryImpl
[02:23:55] [main/DEBUG] [REI]  - SlotAccessorRegistryImpl
[02:23:55] [main/INFO] [REI] Plugins (3):
[02:23:55] [main/INFO] [REI]  - (-100.00) DefaultPlugin of DefaultPlugin [roughlyenoughitems]
[02:23:55] [main/INFO] [REI]  - (0.00) FabricFluidAPISupportPlugin
[02:23:55] [main/INFO] [REI]  - (0.00) DefaultRuntimePlugin of DefaultRuntimePlugin [roughlyenoughitems]
[02:23:55] [main/INFO] [REI] %%%%%%%%%%%%%%%%%%%%%%%%%%%%%%%%%%%%%%%%
[02:23:55] [main/TRACE] [REI] [REIServerPlugin END] Reloading Section: "start-reload/"
[02:23:55] [main/TRACE] [REI] [REIServerPlugin END] Reloading Section: "start-reload/MenuInfoRegistryImpl/"
[02:23:55] [main/TRACE] [REI] [REIServerPlugin END] Reloading Section: "start-reload/MenuInfoRegistryImpl/" done in 43.83 μs
[02:23:55] [main/TRACE] [REI] [REIServerPlugin END] Reloading Section: "start-reload/SlotAccessorRegistryImpl/"
[02:23:55] [main/TRACE] [REI] [REIServerPlugin END] Reloading Section: "start-reload/SlotAccessorRegistryImpl/" done in 35.55 μs
[02:23:55] [main/TRACE] [REI] [REIServerPlugin END] Reloading Section: "start-reload/" done in 244.6 μs
[02:23:55] [main/DEBUG] [REI] ========================================
[02:23:55] [main/DEBUG] [REI] REIServerPlugin started main-reload for END.
[02:23:55] [main/DEBUG] [REI] ========================================
[02:23:55] [main/TRACE] [REI] [REIServerPlugin END] Reloading Section: "reloadable-plugin/MenuInfoRegistryImpl/"
[02:23:55] [main/TRACE] [REI] [REIServerPlugin END] Reloading Section: "reloadable-plugin/MenuInfoRegistryImpl/DefaultPlugin of DefaultPlugin [roughlyenoughitems]/"
[02:23:55] [main/TRACE] [REI] [REIServerPlugin END] Reloading Section: "reloadable-plugin/MenuInfoRegistryImpl/DefaultPlugin of DefaultPlugin [roughlyenoughitems]/" done in 43.57 μs
[02:23:55] [main/TRACE] [REI] [REIServerPlugin END] Reloading Section: "reloadable-plugin/MenuInfoRegistryImpl/FabricFluidAPISupportPlugin/"
[02:23:55] [main/TRACE] [REI] [REIServerPlugin END] Reloading Section: "reloadable-plugin/MenuInfoRegistryImpl/FabricFluidAPISupportPlugin/" done in 63.95 μs
[02:23:55] [main/TRACE] [REI] [REIServerPlugin END] Reloading Section: "reloadable-plugin/MenuInfoRegistryImpl/DefaultRuntimePlugin of DefaultRuntimePlugin [roughlyenoughitems]/"
[02:23:55] [main/TRACE] [REI] [REIServerPlugin END] Reloading Section: "reloadable-plugin/MenuInfoRegistryImpl/DefaultRuntimePlugin of DefaultRuntimePlugin [roughlyenoughitems]/" done in 51.37 μs
[02:23:55] [main/TRACE] [REI] [REIServerPlugin END] Reloading Section: "reloadable-plugin/MenuInfoRegistryImpl/" done in 417.7 μs
[02:23:55] [main/TRACE] [REI] [REIServerPlugin END] Reloading Section: "reloadable-plugin/SlotAccessorRegistryImpl/"
[02:23:55] [main/TRACE] [REI] [REIServerPlugin END] Reloading Section: "reloadable-plugin/SlotAccessorRegistryImpl/DefaultPlugin of DefaultPlugin [roughlyenoughitems]/"
[02:23:55] [main/TRACE] [REI] [REIServerPlugin END] Reloading Section: "reloadable-plugin/SlotAccessorRegistryImpl/DefaultPlugin of DefaultPlugin [roughlyenoughitems]/" done in 47.82 μs
[02:23:55] [main/TRACE] [REI] [REIServerPlugin END] Reloading Section: "reloadable-plugin/SlotAccessorRegistryImpl/FabricFluidAPISupportPlugin/"
[02:23:55] [main/TRACE] [REI] [REIServerPlugin END] Reloading Section: "reloadable-plugin/SlotAccessorRegistryImpl/FabricFluidAPISupportPlugin/" done in 36.28 μs
[02:23:55] [main/TRACE] [REI] [REIServerPlugin END] Reloading Section: "reloadable-plugin/SlotAccessorRegistryImpl/DefaultRuntimePlugin of DefaultRuntimePlugin [roughlyenoughitems]/"
[02:23:55] [main/DEBUG] [REI] Added slot accessor serializer: me.shedaniel.rei.plugin.common.runtime.DefaultRuntimePlugin$1@e942bc0 [roughlyenoughitems:vanilla]
[02:23:55] [main/DEBUG] [REI] Added slot accessor serializer: me.shedaniel.rei.plugin.common.runtime.DefaultRuntimePlugin$2@5d987e1d [roughlyenoughitems:player]
[02:23:55] [main/TRACE] [REI] [REIServerPlugin END] Reloading Section: "reloadable-plugin/SlotAccessorRegistryImpl/DefaultRuntimePlugin of DefaultRuntimePlugin [roughlyenoughitems]/" done in 3.121 ms
[02:23:55] [main/TRACE] [REI] [REIServerPlugin END] Reloading Section: "reloadable-plugin/SlotAccessorRegistryImpl/" done in 3.590 ms
[02:23:55] [main/DEBUG] [REI] ========================================
[02:23:55] [main/DEBUG] [REI] REIServerPlugin ending main-reload for END.
[02:23:55] [main/DEBUG] [REI] ========================================
[02:23:55] [main/TRACE] [REI] [REIServerPlugin END] Reloading Section: "end-reload/"
[02:23:55] [main/TRACE] [REI] [REIServerPlugin END] Reloading Section: "end-reload/MenuInfoRegistryImpl/"
[02:23:55] [main/DEBUG] [REI] Registered 0 menu infos
[02:23:55] [main/TRACE] [REI] [REIServerPlugin END] Reloading Section: "end-reload/MenuInfoRegistryImpl/" done in 265.4 μs
[02:23:55] [main/TRACE] [REI] [REIServerPlugin END] Reloading Section: "end-reload/SlotAccessorRegistryImpl/"
[02:23:55] [main/DEBUG] [REI] Registered 2 slot accessor serializers
[02:23:55] [main/TRACE] [REI] [REIServerPlugin END] Reloading Section: "end-reload/SlotAccessorRegistryImpl/" done in 215.2 μs
[02:23:55] [main/TRACE] [REI] [REIServerPlugin END] Reloading Section: "end-reload/" done in 1.020 ms
[02:23:55] [main/DEBUG] [REI] ========================================
[02:23:55] [main/DEBUG] [REI] REIServerPlugin ended main-reload for END in 7.020 ms.
[02:23:55] [main/DEBUG] [REI] ========================================
[02:23:55] [main/DEBUG] [REI] ========================================
[02:23:55] [main/DEBUG] [REI] REIPlugin starting post-reload for END.
[02:23:55] [main/DEBUG] [REI] Reloadables (7):
[02:23:55] [main/DEBUG] [REI]  - EntryTypeRegistryImpl
[02:23:55] [main/DEBUG] [REI]  - EntrySettingsAdapterRegistryImpl
[02:23:55] [main/DEBUG] [REI]  - RecipeManagerContextImpl
[02:23:55] [main/DEBUG] [REI]  - ItemComparatorRegistryImpl
[02:23:55] [main/DEBUG] [REI]  - FluidComparatorRegistryImpl
[02:23:55] [main/DEBUG] [REI]  - DisplaySerializerRegistryImpl
[02:23:55] [main/DEBUG] [REI]  - FluidSupportProviderImpl
[02:23:55] [main/DEBUG] [REI] Plugins (3):
[02:23:55] [main/DEBUG] [REI]  - (-100.00) DefaultPlugin of DefaultPlugin [roughlyenoughitems]
[02:23:55] [main/DEBUG] [REI]  - (0.00) FabricFluidAPISupportPlugin
[02:23:55] [main/DEBUG] [REI]  - (0.00) DefaultRuntimePlugin of DefaultRuntimePlugin [roughlyenoughitems]
[02:23:55] [main/DEBUG] [REI] ========================================
[02:23:55] [main/TRACE] [REI] [REIPlugin END] Reloading Section: "post-register/"
[02:23:55] [main/TRACE] [REI] [REIPlugin END] Reloading Section: "post-register/DefaultPlugin of DefaultPlugin [roughlyenoughitems]/"
[02:23:55] [main/TRACE] [REI] [REIPlugin END] Reloading Section: "post-register/DefaultPlugin of DefaultPlugin [roughlyenoughitems]/" done in 30.45 μs
[02:23:55] [main/TRACE] [REI] [REIPlugin END] Reloading Section: "post-register/FabricFluidAPISupportPlugin/"
[02:23:55] [main/TRACE] [REI] [REIPlugin END] Reloading Section: "post-register/FabricFluidAPISupportPlugin/" done in 29.42 μs
[02:23:55] [main/TRACE] [REI] [REIPlugin END] Reloading Section: "post-register/DefaultRuntimePlugin of DefaultRuntimePlugin [roughlyenoughitems]/"
[02:23:55] [main/TRACE] [REI] [REIPlugin END] Reloading Section: "post-register/DefaultRuntimePlugin of DefaultRuntimePlugin [roughlyenoughitems]/" done in 31.94 μs
[02:23:55] [main/TRACE] [REI] [REIPlugin END] Reloading Section: "post-register/" done in 293.5 μs
[02:23:55] [main/TRACE] [REI] [REIPlugin END] Reloading Section: "post-stage/"
[02:23:55] [main/TRACE] [REI] [REIPlugin END] Reloading Section: "post-stage/EntryTypeRegistryImpl/"
[02:23:55] [main/TRACE] [REI] [REIPlugin END] Reloading Section: "post-stage/EntryTypeRegistryImpl/" done in 22.12 μs
[02:23:55] [main/TRACE] [REI] [REIPlugin END] Reloading Section: "post-stage/EntrySettingsAdapterRegistryImpl/"
[02:23:55] [main/TRACE] [REI] [REIPlugin END] Reloading Section: "post-stage/EntrySettingsAdapterRegistryImpl/" done in 26.61 μs
[02:23:55] [main/TRACE] [REI] [REIPlugin END] Reloading Section: "post-stage/RecipeManagerContextImpl/"
[02:23:55] [main/TRACE] [REI] [REIPlugin END] Reloading Section: "post-stage/RecipeManagerContextImpl/" done in 29.67 μs
[02:23:55] [main/TRACE] [REI] [REIPlugin END] Reloading Section: "post-stage/ItemComparatorRegistryImpl/"
[02:23:55] [main/TRACE] [REI] [REIPlugin END] Reloading Section: "post-stage/ItemComparatorRegistryImpl/" done in 28.52 μs
[02:23:55] [main/TRACE] [REI] [REIPlugin END] Reloading Section: "post-stage/FluidComparatorRegistryImpl/"
[02:23:55] [main/TRACE] [REI] [REIPlugin END] Reloading Section: "post-stage/FluidComparatorRegistryImpl/" done in 25.23 μs
[02:23:55] [main/TRACE] [REI] [REIPlugin END] Reloading Section: "post-stage/DisplaySerializerRegistryImpl/"
[02:23:55] [main/TRACE] [REI] [REIPlugin END] Reloading Section: "post-stage/DisplaySerializerRegistryImpl/" done in 16.36 μs
[02:23:55] [main/TRACE] [REI] [REIPlugin END] Reloading Section: "post-stage/FluidSupportProviderImpl/"
[02:23:55] [main/TRACE] [REI] [REIPlugin END] Reloading Section: "post-stage/FluidSupportProviderImpl/" done in 24.85 μs
[02:23:55] [main/TRACE] [REI] [REIPlugin END] Reloading Section: "post-stage/" done in 552.2 μs
[02:23:55] [main/DEBUG] [REI] ========================================
[02:23:55] [main/INFO] [REI] REIPlugin finished post-reload for END in 971.0 μs, totaling 32.41 ms.
[02:23:55] [main/DEBUG] [REI] ========================================
[02:23:55] [main/DEBUG] [REI] ========================================
[02:23:55] [main/DEBUG] [REI] REIServerPlugin starting post-reload for END.
[02:23:55] [main/DEBUG] [REI] Reloadables (2):
[02:23:55] [main/DEBUG] [REI]  - MenuInfoRegistryImpl
[02:23:55] [main/DEBUG] [REI]  - SlotAccessorRegistryImpl
[02:23:55] [main/DEBUG] [REI] Plugins (3):
[02:23:55] [main/DEBUG] [REI]  - (-100.00) DefaultPlugin of DefaultPlugin [roughlyenoughitems]
[02:23:55] [main/DEBUG] [REI]  - (0.00) FabricFluidAPISupportPlugin
[02:23:55] [main/DEBUG] [REI]  - (0.00) DefaultRuntimePlugin of DefaultRuntimePlugin [roughlyenoughitems]
[02:23:55] [main/DEBUG] [REI] ========================================
[02:23:55] [main/TRACE] [REI] [REIServerPlugin END] Reloading Section: "post-register/"
[02:23:55] [main/TRACE] [REI] [REIServerPlugin END] Reloading Section: "post-register/DefaultPlugin of DefaultPlugin [roughlyenoughitems]/"
[02:23:55] [main/TRACE] [REI] [REIServerPlugin END] Reloading Section: "post-register/DefaultPlugin of DefaultPlugin [roughlyenoughitems]/" done in 66.25 μs
[02:23:55] [main/TRACE] [REI] [REIServerPlugin END] Reloading Section: "post-register/FabricFluidAPISupportPlugin/"
[02:23:55] [main/TRACE] [REI] [REIServerPlugin END] Reloading Section: "post-register/FabricFluidAPISupportPlugin/" done in 48.40 μs
[02:23:55] [main/TRACE] [REI] [REIServerPlugin END] Reloading Section: "post-register/DefaultRuntimePlugin of DefaultRuntimePlugin [roughlyenoughitems]/"
[02:23:55] [main/TRACE] [REI] [REIServerPlugin END] Reloading Section: "post-register/DefaultRuntimePlugin of DefaultRuntimePlugin [roughlyenoughitems]/" done in 53.65 μs
[02:23:55] [main/TRACE] [REI] [REIServerPlugin END] Reloading Section: "post-register/" done in 478.0 μs
[02:23:55] [main/TRACE] [REI] [REIServerPlugin END] Reloading Section: "post-stage/"
[02:23:55] [main/TRACE] [REI] [REIServerPlugin END] Reloading Section: "post-stage/MenuInfoRegistryImpl/"
[02:23:55] [main/TRACE] [REI] [REIServerPlugin END] Reloading Section: "post-stage/MenuInfoRegistryImpl/" done in 59.94 μs
[02:23:55] [main/TRACE] [REI] [REIServerPlugin END] Reloading Section: "post-stage/SlotAccessorRegistryImpl/"
[02:23:55] [main/TRACE] [REI] [REIServerPlugin END] Reloading Section: "post-stage/SlotAccessorRegistryImpl/" done in 55.99 μs
[02:23:55] [main/TRACE] [REI] [REIServerPlugin END] Reloading Section: "post-stage/" done in 405.9 μs
[02:23:55] [main/DEBUG] [REI] ========================================
[02:23:55] [main/INFO] [REI] REIServerPlugin finished post-reload for END in 1.091 ms, totaling 8.711 ms.
[02:23:55] [main/DEBUG] [REI] ========================================
